TpTrace Verbose: 0 : 16160, 1, 2024/03/13, 12:13:17.767, 9623139004126, vstest.console.dll, Version: 17.8.0-release-23578-02 Current process architecture: X64
TpTrace Verbose: 0 : 16160, 1, 2024/03/13, 12:13:17.772, 9623139048836, vstest.console.dll, Runtime location: C:\Program Files\dotnet\shared\Microsoft.NETCore.App\8.0.1
TpTrace Verbose: 0 : 16160, 1, 2024/03/13, 12:13:17.775, 9623139083173, vstest.console.dll, ArtifactProcessingPostProcessModeProcessorExecutor.Initialize: ArtifactProcessingMode.Collect
TpTrace Verbose: 0 : 16160, 1, 2024/03/13, 12:13:17.775, 9623139084959, vstest.console.dll, TestSessionCorrelationIdProcessorModeProcessorExecutor.Initialize: TestSessionCorrelationId '13448_65f5bd1b-649b-4dad-bd3b-10f74b908f43'
TpTrace Information: 0 : 16160, 1, 2024/03/13, 12:13:17.787, 9623139197047, vstest.console.dll, FilePatternParser: The given file D:\Back-End Technologies Basics - януари 2024\Exam_25_02\03_Zad\ZooConsoleAPI\ZooConsoleAPI.IntegrationTests.NUnit\bin\Debug\net6.0\fine-code-coverage\build-output\ZooConsoleAPI.IntegrationTests.NUnit.dll is a full path.
TpTrace Verbose: 0 : 16160, 1, 2024/03/13, 12:13:17.809, 9623139425723, vstest.console.dll, TestPluginCache.DiscoverTestExtensions: finding test extensions in assemblies ends with: RuntimeProvider.dll TPluginInfo: Microsoft.VisualStudio.TestPlatform.Common.ExtensionFramework.Utilities.TestRuntimePluginInformation TExtension: Microsoft.VisualStudio.TestPlatform.ObjectModel.Host.ITestRuntimeProvider
TpTrace Verbose: 0 : 16160, 1, 2024/03/13, 12:13:17.810, 9623139433765, vstest.console.dll, TestPluginCache.GetExtensionPaths: Filtered extension paths: 
TpTrace Verbose: 0 : 16160, 1, 2024/03/13, 12:13:17.810, 9623139435006, vstest.console.dll, TestPluginCache.GetExtensionPaths: Added default extension paths: C:\Program Files\dotnet\sdk\8.0.101\Extensions\Microsoft.Diagnostics.NETCore.Client.dll
C:\Program Files\dotnet\sdk\8.0.101\Extensions\Microsoft.TestPlatform.Extensions.BlameDataCollector.dll
C:\Program Files\dotnet\sdk\8.0.101\Extensions\Microsoft.TestPlatform.Extensions.EventLogCollector.dll
C:\Program Files\dotnet\sdk\8.0.101\Extensions\Microsoft.TestPlatform.TestHostRuntimeProvider.dll
C:\Program Files\dotnet\sdk\8.0.101\Extensions\Microsoft.VisualStudio.TestPlatform.Extensions.Html.TestLogger.dll
C:\Program Files\dotnet\sdk\8.0.101\Extensions\Microsoft.VisualStudio.TestPlatform.Extensions.Trx.TestLogger.dll
TpTrace Verbose: 0 : 16160, 1, 2024/03/13, 12:13:17.810, 9623139435462, vstest.console.dll, TestPluginCache.GetExtensionPaths: Added unfilterableExtensionPaths: 
TpTrace Information: 0 : 16160, 1, 2024/03/13, 12:13:17.812, 9623139446722, vstest.console.dll, AssemblyResolver.ctor: Creating AssemblyResolver with searchDirectories C:\Program Files\dotnet\sdk\8.0.101\Extensions,C:\Program Files\dotnet\sdk\8.0.101
TpTrace Verbose: 0 : 16160, 1, 2024/03/13, 12:13:17.815, 9623139485068, vstest.console.dll, TestPluginCache.DiscoverTestExtensions: Discovering the extensions using extension path.
TpTrace Verbose: 0 : 16160, 1, 2024/03/13, 12:13:17.816, 9623139487064, vstest.console.dll, TestPluginCache.GetExtensionPaths: Filtered extension paths: 
TpTrace Verbose: 0 : 16160, 1, 2024/03/13, 12:13:17.816, 9623139487590, vstest.console.dll, TestPluginCache.GetExtensionPaths: Added default extension paths: C:\Program Files\dotnet\sdk\8.0.101\Extensions\Microsoft.Diagnostics.NETCore.Client.dll
C:\Program Files\dotnet\sdk\8.0.101\Extensions\Microsoft.TestPlatform.Extensions.BlameDataCollector.dll
C:\Program Files\dotnet\sdk\8.0.101\Extensions\Microsoft.TestPlatform.Extensions.EventLogCollector.dll
C:\Program Files\dotnet\sdk\8.0.101\Extensions\Microsoft.TestPlatform.TestHostRuntimeProvider.dll
C:\Program Files\dotnet\sdk\8.0.101\Extensions\Microsoft.VisualStudio.TestPlatform.Extensions.Html.TestLogger.dll
C:\Program Files\dotnet\sdk\8.0.101\Extensions\Microsoft.VisualStudio.TestPlatform.Extensions.Trx.TestLogger.dll
TpTrace Verbose: 0 : 16160, 1, 2024/03/13, 12:13:17.816, 9623139488037, vstest.console.dll, TestPluginCache.GetExtensionPaths: Added unfilterableExtensionPaths: 
TpTrace Verbose: 0 : 16160, 1, 2024/03/13, 12:13:17.816, 9623139489819, vstest.console.dll, TestPluginCache.DiscoverTestExtensions: Discovering the extensions using allExtensionPaths: C:\Program Files\dotnet\sdk\8.0.101\Extensions\Microsoft.Diagnostics.NETCore.Client.dll
C:\Program Files\dotnet\sdk\8.0.101\Extensions\Microsoft.TestPlatform.Extensions.BlameDataCollector.dll
C:\Program Files\dotnet\sdk\8.0.101\Extensions\Microsoft.TestPlatform.Extensions.EventLogCollector.dll
C:\Program Files\dotnet\sdk\8.0.101\Extensions\Microsoft.TestPlatform.TestHostRuntimeProvider.dll
C:\Program Files\dotnet\sdk\8.0.101\Extensions\Microsoft.VisualStudio.TestPlatform.Extensions.Html.TestLogger.dll
C:\Program Files\dotnet\sdk\8.0.101\Extensions\Microsoft.VisualStudio.TestPlatform.Extensions.Trx.TestLogger.dll
TpTrace Information: 0 : 16160, 1, 2024/03/13, 12:13:17.816, 9623139491350, vstest.console.dll, AssemblyResolver.AddSearchDirectories: Adding more searchDirectories C:\Program Files\dotnet\sdk\8.0.101\Extensions,C:\Program Files\dotnet\sdk\8.0.101
TpTrace Information: 0 : 16160, 1, 2024/03/13, 12:13:17.816, 9623139491997, vstest.console.dll, AssemblyResolver.AddSearchDirectories: Adding more searchDirectories C:\Program Files\dotnet\sdk\8.0.101\Extensions,C:\Program Files\dotnet\sdk\8.0.101
TpTrace Information: 0 : 16160, 1, 2024/03/13, 12:13:17.816, 9623139492397, vstest.console.dll, AssemblyResolver.AddSearchDirectories: Adding more searchDirectories C:\Program Files\dotnet\sdk\8.0.101\Extensions,C:\Program Files\dotnet\sdk\8.0.101
TpTrace Information: 0 : 16160, 1, 2024/03/13, 12:13:17.816, 9623139492884, vstest.console.dll, AssemblyResolver.AddSearchDirectories: Adding more searchDirectories C:\Program Files\dotnet\sdk\8.0.101\Extensions,C:\Program Files\dotnet\sdk\8.0.101
TpTrace Information: 0 : 16160, 1, 2024/03/13, 12:13:17.816, 9623139493723, vstest.console.dll, AssemblyResolver.AddSearchDirectories: Adding more searchDirectories C:\Program Files\dotnet\sdk\8.0.101\Extensions,C:\Program Files\dotnet\sdk\8.0.101
TpTrace Information: 0 : 16160, 1, 2024/03/13, 12:13:17.816, 9623139494119, vstest.console.dll, AssemblyResolver.AddSearchDirectories: Adding more searchDirectories C:\Program Files\dotnet\sdk\8.0.101\Extensions,C:\Program Files\dotnet\sdk\8.0.101
TpTrace Information: 0 : 16160, 1, 2024/03/13, 12:13:17.818, 9623139511784, vstest.console.dll, AssemblyResolver.OnResolve: Microsoft.Diagnostics.NETCore.Client: Resolving assembly.
TpTrace Information: 0 : 16160, 1, 2024/03/13, 12:13:17.818, 9623139513120, vstest.console.dll, AssemblyResolver.OnResolve: Microsoft.Diagnostics.NETCore.Client: Searching in: 'C:\Program Files\dotnet\sdk\8.0.101\Extensions'.
TpTrace Information: 0 : 16160, 1, 2024/03/13, 12:13:17.940, 9623140730123, vstest.console.dll, AssemblyResolver.OnResolve: Microsoft.Diagnostics.NETCore.Client: Loading assembly 'C:\Program Files\dotnet\sdk\8.0.101\Extensions\Microsoft.Diagnostics.NETCore.Client.dll'.
TpTrace Information: 0 : 16160, 1, 2024/03/13, 12:13:17.944, 9623140776121, vstest.console.dll, AssemblyResolver.OnResolve: Resolved assembly: Microsoft.Diagnostics.NETCore.Client, from path: C:\Program Files\dotnet\sdk\8.0.101\Extensions\Microsoft.Diagnostics.NETCore.Client.dll
TpTrace Verbose: 0 : 16160, 1, 2024/03/13, 12:13:17.950, 9623140834536, vstest.console.dll, MetadataReaderExtensionsHelper: Discovering extensions inside assembly 'Microsoft.Diagnostics.NETCore.Client, Version=0.2.8.21101, Culture=neutral, PublicKeyToken=31bf3856ad364e35' file path 'C:\Program Files\dotnet\sdk\8.0.101\Extensions\Microsoft.Diagnostics.NETCore.Client.dll'
TpTrace Information: 0 : 16160, 1, 2024/03/13, 12:13:17.961, 9623140939573, vstest.console.dll, AssemblyResolver.OnResolve: Microsoft.Bcl.AsyncInterfaces: Resolving assembly.
TpTrace Information: 0 : 16160, 1, 2024/03/13, 12:13:17.961, 9623140941191, vstest.console.dll, AssemblyResolver.OnResolve: Microsoft.Bcl.AsyncInterfaces: Searching in: 'C:\Program Files\dotnet\sdk\8.0.101\Extensions'.
TpTrace Information: 0 : 16160, 1, 2024/03/13, 12:13:17.961, 9623140942481, vstest.console.dll, AssemblyResolver.OnResolve: Microsoft.Bcl.AsyncInterfaces: Assembly path does not exist: 'C:\Program Files\dotnet\sdk\8.0.101\Extensions\Microsoft.Bcl.AsyncInterfaces.dll', returning.
TpTrace Information: 0 : 16160, 1, 2024/03/13, 12:13:17.961, 9623140944610, vstest.console.dll, AssemblyResolver.OnResolve: Microsoft.Bcl.AsyncInterfaces: Assembly path does not exist: 'C:\Program Files\dotnet\sdk\8.0.101\Extensions\Microsoft.Bcl.AsyncInterfaces.exe', returning.
TpTrace Information: 0 : 16160, 1, 2024/03/13, 12:13:17.961, 9623140945103, vstest.console.dll, AssemblyResolver.OnResolve: Microsoft.Bcl.AsyncInterfaces: Searching in: 'C:\Program Files\dotnet\sdk\8.0.101'.
TpTrace Information: 0 : 16160, 1, 2024/03/13, 12:13:17.962, 9623140946107, vstest.console.dll, AssemblyResolver.OnResolve: Microsoft.Bcl.AsyncInterfaces: Assembly path does not exist: 'C:\Program Files\dotnet\sdk\8.0.101\Microsoft.Bcl.AsyncInterfaces.dll', returning.
TpTrace Information: 0 : 16160, 1, 2024/03/13, 12:13:17.962, 9623140947345, vstest.console.dll, AssemblyResolver.OnResolve: Microsoft.Bcl.AsyncInterfaces: Assembly path does not exist: 'C:\Program Files\dotnet\sdk\8.0.101\Microsoft.Bcl.AsyncInterfaces.exe', returning.
TpTrace Information: 0 : 16160, 1, 2024/03/13, 12:13:17.962, 9623140948426, vstest.console.dll, AssemblyResolver.OnResolve: Microsoft.Bcl.AsyncInterfaces: Failed to load assembly.
TpTrace Verbose: 0 : 16160, 1, 2024/03/13, 12:13:17.962, 9623140948865, vstest.console.dll, CurrentDomainAssemblyResolve: Resolving assembly 'Microsoft.Bcl.AsyncInterfaces'.
TpTrace Information: 0 : 16160, 1, 2024/03/13, 12:13:17.962, 9623140949492, vstest.console.dll, AssemblyResolver.OnResolve: Microsoft.Bcl.AsyncInterfaces: Resolving assembly.
TpTrace Information: 0 : 16160, 1, 2024/03/13, 12:13:17.962, 9623140950345, vstest.console.dll, AssemblyResolver.OnResolve: Microsoft.Bcl.AsyncInterfaces: Resolved from cache.
TpTrace Verbose: 0 : 16160, 1, 2024/03/13, 12:13:17.962, 9623140950975, vstest.console.dll, CurrentDomainAssemblyResolve: Resolving assembly 'Microsoft.Bcl.AsyncInterfaces'.
TpTrace Verbose: 0 : 16160, 1, 2024/03/13, 12:13:17.962, 9623140951651, vstest.console.dll, CurrentDomainAssemblyResolve: Failed to resolve assembly 'Microsoft.Bcl.AsyncInterfaces'.
TpTrace Verbose: 0 : 16160, 1, 2024/03/13, 12:13:17.971, 9623141037509, vstest.console.dll, CurrentDomainAssemblyResolve: Failed to resolve assembly 'Microsoft.Bcl.AsyncInterfaces'.
TpTrace Warning: 0 : 16160, 1, 2024/03/13, 12:13:18.008, 9623141407484, vstest.console.dll, TestPluginDiscoverer: Failed to get types from assembly 'Microsoft.Diagnostics.NETCore.Client, Version=0.2.8.21101, Culture=neutral, PublicKeyToken=31bf3856ad364e35'. Error: System.Reflection.ReflectionTypeLoadException: Unable to load one or more of the requested types.
Could not load file or assembly 'Microsoft.Bcl.AsyncInterfaces, Version=1.0.0.0, Culture=neutral, PublicKeyToken=cc7b13ffcd2ddd51'. The system cannot find the file specified.
   at System.Reflection.RuntimeModule.GetTypes(RuntimeModule module)
   at System.Reflection.RuntimeModule.GetTypes()
   at Microsoft.VisualStudio.TestPlatform.Common.ExtensionFramework.TestPluginDiscoverer.GetTestExtensionsFromAssembly[TPluginInfo,TExtension](Assembly assembly, Dictionary`2 pluginInfos, String filePath) in /_/src/Microsoft.TestPlatform.Common/ExtensionFramework/TestPluginDiscoverer.cs:line 158
System.IO.FileNotFoundException: Could not load file or assembly 'Microsoft.Bcl.AsyncInterfaces, Version=1.0.0.0, Culture=neutral, PublicKeyToken=cc7b13ffcd2ddd51'. The system cannot find the file specified.
File name: 'Microsoft.Bcl.AsyncInterfaces, Version=1.0.0.0, Culture=neutral, PublicKeyToken=cc7b13ffcd2ddd51'
 ---> System.IO.FileNotFoundException: Could not load file or assembly 'Microsoft.Bcl.AsyncInterfaces, Culture=neutral, PublicKeyToken=null'. The system cannot find the file specified.
File name: 'Microsoft.Bcl.AsyncInterfaces, Culture=neutral, PublicKeyToken=null'
   at System.Reflection.RuntimeAssembly.InternalLoad(AssemblyName assemblyName, StackCrawlMark& stackMark, AssemblyLoadContext assemblyLoadContext, RuntimeAssembly requestingAssembly, Boolean throwOnFileNotFound)
   at System.Reflection.Assembly.Load(AssemblyName assemblyRef)
   at Microsoft.VisualStudio.TestPlatform.Common.ExtensionFramework.TestPluginCache.CurrentDomainAssemblyResolve(Object sender, AssemblyResolveEventArgs args) in /_/src/Microsoft.TestPlatform.Common/ExtensionFramework/TestPluginCache.cs:line 513
   at System.Runtime.Loader.AssemblyLoadContext.GetFirstResolvedAssemblyFromResolvingEvent(AssemblyName assemblyName)
   at System.Runtime.Loader.AssemblyLoadContext.ResolveUsingEvent(AssemblyName assemblyName)
   at System.Runtime.Loader.AssemblyLoadContext.ResolveUsingResolvingEvent(IntPtr gchManagedAssemblyLoadContext, AssemblyName assemblyName)
TpTrace Warning: 0 : 16160, 1, 2024/03/13, 12:13:18.008, 9623141415376, vstest.console.dll, LoaderExceptions: System.IO.FileNotFoundException: Could not load file or assembly 'Microsoft.Bcl.AsyncInterfaces, Version=1.0.0.0, Culture=neutral, PublicKeyToken=cc7b13ffcd2ddd51'. The system cannot find the file specified.
File name: 'Microsoft.Bcl.AsyncInterfaces, Version=1.0.0.0, Culture=neutral, PublicKeyToken=cc7b13ffcd2ddd51'
 ---> System.IO.FileNotFoundException: Could not load file or assembly 'Microsoft.Bcl.AsyncInterfaces, Culture=neutral, PublicKeyToken=null'. The system cannot find the file specified.
File name: 'Microsoft.Bcl.AsyncInterfaces, Culture=neutral, PublicKeyToken=null'
   at System.Reflection.RuntimeAssembly.InternalLoad(AssemblyName assemblyName, StackCrawlMark& stackMark, AssemblyLoadContext assemblyLoadContext, RuntimeAssembly requestingAssembly, Boolean throwOnFileNotFound)
   at System.Reflection.Assembly.Load(AssemblyName assemblyRef)
   at Microsoft.VisualStudio.TestPlatform.Common.ExtensionFramework.TestPluginCache.CurrentDomainAssemblyResolve(Object sender, AssemblyResolveEventArgs args) in /_/src/Microsoft.TestPlatform.Common/ExtensionFramework/TestPluginCache.cs:line 513
   at System.Runtime.Loader.AssemblyLoadContext.GetFirstResolvedAssemblyFromResolvingEvent(AssemblyName assemblyName)
   at System.Runtime.Loader.AssemblyLoadContext.ResolveUsingEvent(AssemblyName assemblyName)
   at System.Runtime.Loader.AssemblyLoadContext.ResolveUsingResolvingEvent(IntPtr gchManagedAssemblyLoadContext, AssemblyName assemblyName)
TpTrace Information: 0 : 16160, 1, 2024/03/13, 12:13:18.009, 9623141418268, vstest.console.dll, AssemblyResolver.OnResolve: Microsoft.TestPlatform.Extensions.BlameDataCollector: Resolving assembly.
TpTrace Information: 0 : 16160, 1, 2024/03/13, 12:13:18.009, 9623141419184, vstest.console.dll, AssemblyResolver.OnResolve: Microsoft.TestPlatform.Extensions.BlameDataCollector: Searching in: 'C:\Program Files\dotnet\sdk\8.0.101\Extensions'.
TpTrace Information: 0 : 16160, 1, 2024/03/13, 12:13:18.011, 9623141443467, vstest.console.dll, AssemblyResolver.OnResolve: Microsoft.TestPlatform.Extensions.BlameDataCollector: Loading assembly 'C:\Program Files\dotnet\sdk\8.0.101\Extensions\Microsoft.TestPlatform.Extensions.BlameDataCollector.dll'.
TpTrace Information: 0 : 16160, 1, 2024/03/13, 12:13:18.013, 9623141465550, vstest.console.dll, AssemblyResolver.OnResolve: Resolved assembly: Microsoft.TestPlatform.Extensions.BlameDataCollector, from path: C:\Program Files\dotnet\sdk\8.0.101\Extensions\Microsoft.TestPlatform.Extensions.BlameDataCollector.dll
TpTrace Verbose: 0 : 16160, 1, 2024/03/13, 12:13:18.014, 9623141466859, vstest.console.dll, MetadataReaderExtensionsHelper: Discovering extensions inside assembly 'Microsoft.TestPlatform.Extensions.BlameDataCollector, Version=15.0.0.0, Culture=neutral, PublicKeyToken=b03f5f7f11d50a3a' file path 'C:\Program Files\dotnet\sdk\8.0.101\Extensions\Microsoft.TestPlatform.Extensions.BlameDataCollector.dll'
TpTrace Information: 0 : 16160, 1, 2024/03/13, 12:13:18.018, 9623141510632, vstest.console.dll, AssemblyResolver.OnResolve: Microsoft.TestPlatform.Extensions.EventLogCollector: Resolving assembly.
TpTrace Information: 0 : 16160, 1, 2024/03/13, 12:13:18.018, 9623141512154, vstest.console.dll, AssemblyResolver.OnResolve: Microsoft.TestPlatform.Extensions.EventLogCollector: Searching in: 'C:\Program Files\dotnet\sdk\8.0.101\Extensions'.
TpTrace Information: 0 : 16160, 1, 2024/03/13, 12:13:18.020, 9623141531694, vstest.console.dll, AssemblyResolver.OnResolve: Microsoft.TestPlatform.Extensions.EventLogCollector: Loading assembly 'C:\Program Files\dotnet\sdk\8.0.101\Extensions\Microsoft.TestPlatform.Extensions.EventLogCollector.dll'.
TpTrace Information: 0 : 16160, 1, 2024/03/13, 12:13:18.021, 9623141544958, vstest.console.dll, AssemblyResolver.OnResolve: Resolved assembly: Microsoft.TestPlatform.Extensions.EventLogCollector, from path: C:\Program Files\dotnet\sdk\8.0.101\Extensions\Microsoft.TestPlatform.Extensions.EventLogCollector.dll
TpTrace Verbose: 0 : 16160, 1, 2024/03/13, 12:13:18.022, 9623141546278, vstest.console.dll, MetadataReaderExtensionsHelper: Discovering extensions inside assembly 'Microsoft.TestPlatform.Extensions.EventLogCollector, Version=15.0.0.0, Culture=neutral, PublicKeyToken=b03f5f7f11d50a3a' file path 'C:\Program Files\dotnet\sdk\8.0.101\Extensions\Microsoft.TestPlatform.Extensions.EventLogCollector.dll'
TpTrace Information: 0 : 16160, 1, 2024/03/13, 12:13:18.028, 9623141613320, vstest.console.dll, AssemblyResolver.OnResolve: Microsoft.TestPlatform.TestHostRuntimeProvider: Resolving assembly.
TpTrace Information: 0 : 16160, 1, 2024/03/13, 12:13:18.028, 9623141614894, vstest.console.dll, AssemblyResolver.OnResolve: Microsoft.TestPlatform.TestHostRuntimeProvider: Searching in: 'C:\Program Files\dotnet\sdk\8.0.101\Extensions'.
TpTrace Information: 0 : 16160, 1, 2024/03/13, 12:13:18.030, 9623141633300, vstest.console.dll, AssemblyResolver.OnResolve: Microsoft.TestPlatform.TestHostRuntimeProvider: Loading assembly 'C:\Program Files\dotnet\sdk\8.0.101\Extensions\Microsoft.TestPlatform.TestHostRuntimeProvider.dll'.
TpTrace Information: 0 : 16160, 1, 2024/03/13, 12:13:18.032, 9623141649529, vstest.console.dll, AssemblyResolver.OnResolve: Resolved assembly: Microsoft.TestPlatform.TestHostRuntimeProvider, from path: C:\Program Files\dotnet\sdk\8.0.101\Extensions\Microsoft.TestPlatform.TestHostRuntimeProvider.dll
TpTrace Verbose: 0 : 16160, 1, 2024/03/13, 12:13:18.032, 9623141650848, vstest.console.dll, MetadataReaderExtensionsHelper: Discovering extensions inside assembly 'Microsoft.TestPlatform.TestHostRuntimeProvider, Version=15.0.0.0, Culture=neutral, PublicKeyToken=b03f5f7f11d50a3a' file path 'C:\Program Files\dotnet\sdk\8.0.101\Extensions\Microsoft.TestPlatform.TestHostRuntimeProvider.dll'
TpTrace Information: 0 : 16160, 1, 2024/03/13, 12:13:18.036, 9623141691142, vstest.console.dll, GetTestExtensionFromType: Register extension with identifier data 'HostProvider://DefaultTestHost' and type 'Microsoft.VisualStudio.TestPlatform.CrossPlatEngine.Hosting.DefaultTestHostManager, Microsoft.TestPlatform.TestHostRuntimeProvider, Version=15.0.0.0, Culture=neutral, PublicKeyToken=b03f5f7f11d50a3a' inside file 'C:\Program Files\dotnet\sdk\8.0.101\Extensions\Microsoft.TestPlatform.TestHostRuntimeProvider.dll'
TpTrace Information: 0 : 16160, 1, 2024/03/13, 12:13:18.037, 9623141697900, vstest.console.dll, GetTestExtensionFromType: Register extension with identifier data 'HostProvider://DotnetTestHost' and type 'Microsoft.VisualStudio.TestPlatform.CrossPlatEngine.Hosting.DotnetTestHostManager, Microsoft.TestPlatform.TestHostRuntimeProvider, Version=15.0.0.0, Culture=neutral, PublicKeyToken=b03f5f7f11d50a3a' inside file 'C:\Program Files\dotnet\sdk\8.0.101\Extensions\Microsoft.TestPlatform.TestHostRuntimeProvider.dll'
TpTrace Information: 0 : 16160, 1, 2024/03/13, 12:13:18.037, 9623141699803, vstest.console.dll, AssemblyResolver.OnResolve: Microsoft.VisualStudio.TestPlatform.Extensions.Html.TestLogger: Resolving assembly.
TpTrace Information: 0 : 16160, 1, 2024/03/13, 12:13:18.037, 9623141700376, vstest.console.dll, AssemblyResolver.OnResolve: Microsoft.VisualStudio.TestPlatform.Extensions.Html.TestLogger: Searching in: 'C:\Program Files\dotnet\sdk\8.0.101\Extensions'.
TpTrace Information: 0 : 16160, 1, 2024/03/13, 12:13:18.039, 9623141719783, vstest.console.dll, AssemblyResolver.OnResolve: Microsoft.VisualStudio.TestPlatform.Extensions.Html.TestLogger: Loading assembly 'C:\Program Files\dotnet\sdk\8.0.101\Extensions\Microsoft.VisualStudio.TestPlatform.Extensions.Html.TestLogger.dll'.
TpTrace Information: 0 : 16160, 1, 2024/03/13, 12:13:18.040, 9623141733691, vstest.console.dll, AssemblyResolver.OnResolve: Resolved assembly: Microsoft.VisualStudio.TestPlatform.Extensions.Html.TestLogger, from path: C:\Program Files\dotnet\sdk\8.0.101\Extensions\Microsoft.VisualStudio.TestPlatform.Extensions.Html.TestLogger.dll
TpTrace Verbose: 0 : 16160, 1, 2024/03/13, 12:13:18.040, 9623141735401, vstest.console.dll, MetadataReaderExtensionsHelper: Discovering extensions inside assembly 'Microsoft.VisualStudio.TestPlatform.Extensions.Html.TestLogger, Version=15.0.0.0, Culture=neutral, PublicKeyToken=b03f5f7f11d50a3a' file path 'C:\Program Files\dotnet\sdk\8.0.101\Extensions\Microsoft.VisualStudio.TestPlatform.Extensions.Html.TestLogger.dll'
TpTrace Information: 0 : 16160, 1, 2024/03/13, 12:13:18.043, 9623141756253, vstest.console.dll, AssemblyResolver.OnResolve: Microsoft.VisualStudio.TestPlatform.Extensions.Trx.TestLogger: Resolving assembly.
TpTrace Information: 0 : 16160, 1, 2024/03/13, 12:13:18.043, 9623141757433, vstest.console.dll, AssemblyResolver.OnResolve: Microsoft.VisualStudio.TestPlatform.Extensions.Trx.TestLogger: Searching in: 'C:\Program Files\dotnet\sdk\8.0.101\Extensions'.
TpTrace Information: 0 : 16160, 1, 2024/03/13, 12:13:18.045, 9623141783719, vstest.console.dll, AssemblyResolver.OnResolve: Microsoft.VisualStudio.TestPlatform.Extensions.Trx.TestLogger: Loading assembly 'C:\Program Files\dotnet\sdk\8.0.101\Extensions\Microsoft.VisualStudio.TestPlatform.Extensions.Trx.TestLogger.dll'.
TpTrace Information: 0 : 16160, 1, 2024/03/13, 12:13:18.048, 9623141815593, vstest.console.dll, AssemblyResolver.OnResolve: Resolved assembly: Microsoft.VisualStudio.TestPlatform.Extensions.Trx.TestLogger, from path: C:\Program Files\dotnet\sdk\8.0.101\Extensions\Microsoft.VisualStudio.TestPlatform.Extensions.Trx.TestLogger.dll
TpTrace Verbose: 0 : 16160, 1, 2024/03/13, 12:13:18.049, 9623141817120, vstest.console.dll, MetadataReaderExtensionsHelper: Discovering extensions inside assembly 'Microsoft.VisualStudio.TestPlatform.Extensions.Trx.TestLogger, Version=15.0.0.0, Culture=neutral, PublicKeyToken=b03f5f7f11d50a3a' file path 'C:\Program Files\dotnet\sdk\8.0.101\Extensions\Microsoft.VisualStudio.TestPlatform.Extensions.Trx.TestLogger.dll'
TpTrace Verbose: 0 : 16160, 1, 2024/03/13, 12:13:18.051, 9623141842257, vstest.console.dll, TestPluginCache: Discovered the extensions using extension path ''.
TpTrace Verbose: 0 : 16160, 1, 2024/03/13, 12:13:18.051, 9623141843567, vstest.console.dll, TestPluginCache: Discoverers are ''.
TpTrace Verbose: 0 : 16160, 1, 2024/03/13, 12:13:18.051, 9623141844104, vstest.console.dll, TestPluginCache: Executors are ''.
TpTrace Verbose: 0 : 16160, 1, 2024/03/13, 12:13:18.051, 9623141844871, vstest.console.dll, TestPluginCache: Executors2 are ''.
TpTrace Verbose: 0 : 16160, 1, 2024/03/13, 12:13:18.051, 9623141845494, vstest.console.dll, TestPluginCache: Setting providers are ''.
TpTrace Verbose: 0 : 16160, 1, 2024/03/13, 12:13:18.051, 9623141845910, vstest.console.dll, TestPluginCache: Loggers are ''.
TpTrace Verbose: 0 : 16160, 1, 2024/03/13, 12:13:18.052, 9623141849454, vstest.console.dll, TestPluginCache: TestHosts are 'HostProvider://DefaultTestHost,HostProvider://DotnetTestHost'.
TpTrace Verbose: 0 : 16160, 1, 2024/03/13, 12:13:18.052, 9623141850274, vstest.console.dll, TestPluginCache: DataCollectors are ''.
TpTrace Information: 0 : 16160, 1, 2024/03/13, 12:13:18.106, 9623142394253, vstest.console.dll, RunTestsArgumentProcessor:Execute: Test run is starting.
TpTrace Verbose: 0 : 16160, 1, 2024/03/13, 12:13:18.107, 9623142396406, vstest.console.dll, RunTestsArgumentProcessor:Execute: Queuing Test run.
TpTrace Information: 0 : 16160, 1, 2024/03/13, 12:13:18.108, 9623142414099, vstest.console.dll, TestRequestManager.RunTests: run tests started.
TpTrace Information: 0 : 16160, 1, 2024/03/13, 12:13:18.110, 9623142433049, vstest.console.dll, AssemblyMetadataProvider.GetFrameworkName: Determined framework:'.NETCoreApp,Version=v6.0' for source: 'D:\Back-End Technologies Basics - януари 2024\Exam_25_02\03_Zad\ZooConsoleAPI\ZooConsoleAPI.IntegrationTests.NUnit\bin\Debug\net6.0\fine-code-coverage\build-output\ZooConsoleAPI.IntegrationTests.NUnit.dll'
TpTrace Information: 0 : 16160, 1, 2024/03/13, 12:13:18.111, 9623142436257, vstest.console.dll, Determined framework for all sources: .NETCoreApp,Version=v6.0
TpTrace Verbose: 0 : 16160, 1, 2024/03/13, 12:13:18.111, 9623142445570, vstest.console.dll, TestRequestManager.UpdateRunSettingsIfRequired: Default architecture: X64 IsDefaultTargetArchitecture: True, Current process architecture: X64 OperatingSystem: Windows.
TpTrace Information: 0 : 16160, 1, 2024/03/13, 12:13:18.114, 9623142467025, vstest.console.dll, AssemblyMetadataProvider.GetArchitecture: Determined architecture:AnyCPU info for assembly: D:\Back-End Technologies Basics - януари 2024\Exam_25_02\03_Zad\ZooConsoleAPI\ZooConsoleAPI.IntegrationTests.NUnit\bin\Debug\net6.0\fine-code-coverage\build-output\ZooConsoleAPI.IntegrationTests.NUnit.dll
TpTrace Information: 0 : 16160, 1, 2024/03/13, 12:13:18.114, 9623142468878, vstest.console.dll, Determined platform for source 'D:\Back-End Technologies Basics - януари 2024\Exam_25_02\03_Zad\ZooConsoleAPI\ZooConsoleAPI.IntegrationTests.NUnit\bin\Debug\net6.0\fine-code-coverage\build-output\ZooConsoleAPI.IntegrationTests.NUnit.dll' was AnyCPU and it will use the default plaform X64.
TpTrace Information: 0 : 16160, 1, 2024/03/13, 12:13:18.114, 9623142469661, vstest.console.dll, None of the sources provided any runnable platform, using the default platform: X64
TpTrace Information: 0 : 16160, 1, 2024/03/13, 12:13:18.114, 9623142470855, vstest.console.dll, Platform was updated to 'X64'.
TpTrace Information: 0 : 16160, 1, 2024/03/13, 12:13:18.127, 9623142601040, vstest.console.dll, InferRunSettingsHelper.IsTestSettingsEnabled: Unable to navigate to RunSettings/MSTest. Current node: RunSettings
TpTrace Information: 0 : 16160, 1, 2024/03/13, 12:13:18.128, 9623142610210, vstest.console.dll, AssemblyResolver.OnResolve: Microsoft.VisualStudio.TestPlatform.Fakes: Resolving assembly.
TpTrace Information: 0 : 16160, 1, 2024/03/13, 12:13:18.128, 9623142611278, vstest.console.dll, AssemblyResolver.OnResolve: Microsoft.VisualStudio.TestPlatform.Fakes: Searching in: 'C:\Program Files\dotnet\sdk\8.0.101\Extensions'.
TpTrace Information: 0 : 16160, 1, 2024/03/13, 12:13:18.128, 9623142612260, vstest.console.dll, AssemblyResolver.OnResolve: Microsoft.VisualStudio.TestPlatform.Fakes: Assembly path does not exist: 'C:\Program Files\dotnet\sdk\8.0.101\Extensions\Microsoft.VisualStudio.TestPlatform.Fakes.dll', returning.
TpTrace Information: 0 : 16160, 1, 2024/03/13, 12:13:18.128, 9623142612998, vstest.console.dll, AssemblyResolver.OnResolve: Microsoft.VisualStudio.TestPlatform.Fakes: Assembly path does not exist: 'C:\Program Files\dotnet\sdk\8.0.101\Extensions\Microsoft.VisualStudio.TestPlatform.Fakes.exe', returning.
TpTrace Information: 0 : 16160, 1, 2024/03/13, 12:13:18.128, 9623142613359, vstest.console.dll, AssemblyResolver.OnResolve: Microsoft.VisualStudio.TestPlatform.Fakes: Searching in: 'C:\Program Files\dotnet\sdk\8.0.101'.
TpTrace Information: 0 : 16160, 1, 2024/03/13, 12:13:18.128, 9623142614146, vstest.console.dll, AssemblyResolver.OnResolve: Microsoft.VisualStudio.TestPlatform.Fakes: Assembly path does not exist: 'C:\Program Files\dotnet\sdk\8.0.101\Microsoft.VisualStudio.TestPlatform.Fakes.dll', returning.
TpTrace Information: 0 : 16160, 1, 2024/03/13, 12:13:18.128, 9623142614828, vstest.console.dll, AssemblyResolver.OnResolve: Microsoft.VisualStudio.TestPlatform.Fakes: Assembly path does not exist: 'C:\Program Files\dotnet\sdk\8.0.101\Microsoft.VisualStudio.TestPlatform.Fakes.exe', returning.
TpTrace Information: 0 : 16160, 1, 2024/03/13, 12:13:18.128, 9623142615224, vstest.console.dll, AssemblyResolver.OnResolve: Microsoft.VisualStudio.TestPlatform.Fakes: Failed to load assembly.
TpTrace Information: 0 : 16160, 1, 2024/03/13, 12:13:18.129, 9623142617826, vstest.console.dll, Failed to load assembly Microsoft.VisualStudio.TestPlatform.Fakes, Version=17.0.0.0, Culture=neutral. Reason:System.IO.FileNotFoundException: Could not load file or assembly 'Microsoft.VisualStudio.TestPlatform.Fakes, Version=17.0.0.0, Culture=neutral, PublicKeyToken=null'. The system cannot find the file specified.
File name: 'Microsoft.VisualStudio.TestPlatform.Fakes, Version=17.0.0.0, Culture=neutral, PublicKeyToken=null'
   at System.Reflection.RuntimeAssembly.InternalLoad(AssemblyName assemblyName, StackCrawlMark& stackMark, AssemblyLoadContext assemblyLoadContext, RuntimeAssembly requestingAssembly, Boolean throwOnFileNotFound)
   at System.Reflection.Assembly.Load(AssemblyName assemblyRef)
   at Microsoft.VisualStudio.TestPlatform.Common.Utilities.FakesUtilities.LoadTestPlatformAssembly() in /_/src/Microsoft.TestPlatform.Common/Utilities/FakesUtilities.cs:line 272
TpTrace Verbose: 0 : 16160, 1, 2024/03/13, 12:13:18.134, 9623142675217, vstest.console.dll, TestPluginCache.DiscoverTestExtensions: finding test extensions in assemblies ends with: TestLogger.dll TPluginInfo: Microsoft.VisualStudio.TestPlatform.Common.ExtensionFramework.Utilities.TestLoggerPluginInformation TExtension: Microsoft.VisualStudio.TestPlatform.ObjectModel.Client.ITestLogger
TpTrace Verbose: 0 : 16160, 1, 2024/03/13, 12:13:18.135, 9623142677401, vstest.console.dll, TestPluginCache.GetExtensionPaths: Filtered extension paths: 
TpTrace Verbose: 0 : 16160, 1, 2024/03/13, 12:13:18.135, 9623142677970, vstest.console.dll, TestPluginCache.GetExtensionPaths: Added default extension paths: C:\Program Files\dotnet\sdk\8.0.101\Extensions\Microsoft.Diagnostics.NETCore.Client.dll
C:\Program Files\dotnet\sdk\8.0.101\Extensions\Microsoft.TestPlatform.Extensions.BlameDataCollector.dll
C:\Program Files\dotnet\sdk\8.0.101\Extensions\Microsoft.TestPlatform.Extensions.EventLogCollector.dll
C:\Program Files\dotnet\sdk\8.0.101\Extensions\Microsoft.TestPlatform.TestHostRuntimeProvider.dll
C:\Program Files\dotnet\sdk\8.0.101\Extensions\Microsoft.VisualStudio.TestPlatform.Extensions.Html.TestLogger.dll
C:\Program Files\dotnet\sdk\8.0.101\Extensions\Microsoft.VisualStudio.TestPlatform.Extensions.Trx.TestLogger.dll
TpTrace Verbose: 0 : 16160, 1, 2024/03/13, 12:13:18.135, 9623142678341, vstest.console.dll, TestPluginCache.GetExtensionPaths: Added unfilterableExtensionPaths: 
TpTrace Information: 0 : 16160, 1, 2024/03/13, 12:13:18.135, 9623142679927, vstest.console.dll, AssemblyResolver.AddSearchDirectories: Adding more searchDirectories C:\Program Files\dotnet\sdk\8.0.101\Extensions,C:\Program Files\dotnet\sdk\8.0.101
TpTrace Verbose: 0 : 16160, 1, 2024/03/13, 12:13:18.135, 9623142681105, vstest.console.dll, TestPluginCache.DiscoverTestExtensions: Discovering the extensions using extension path.
TpTrace Verbose: 0 : 16160, 1, 2024/03/13, 12:13:18.135, 9623142681895, vstest.console.dll, TestPluginCache.GetExtensionPaths: Filtered extension paths: 
TpTrace Verbose: 0 : 16160, 1, 2024/03/13, 12:13:18.135, 9623142682933, vstest.console.dll, TestPluginCache.GetExtensionPaths: Added default extension paths: C:\Program Files\dotnet\sdk\8.0.101\Extensions\Microsoft.Diagnostics.NETCore.Client.dll
C:\Program Files\dotnet\sdk\8.0.101\Extensions\Microsoft.TestPlatform.Extensions.BlameDataCollector.dll
C:\Program Files\dotnet\sdk\8.0.101\Extensions\Microsoft.TestPlatform.Extensions.EventLogCollector.dll
C:\Program Files\dotnet\sdk\8.0.101\Extensions\Microsoft.TestPlatform.TestHostRuntimeProvider.dll
C:\Program Files\dotnet\sdk\8.0.101\Extensions\Microsoft.VisualStudio.TestPlatform.Extensions.Html.TestLogger.dll
C:\Program Files\dotnet\sdk\8.0.101\Extensions\Microsoft.VisualStudio.TestPlatform.Extensions.Trx.TestLogger.dll
TpTrace Verbose: 0 : 16160, 1, 2024/03/13, 12:13:18.135, 9623142684168, vstest.console.dll, TestPluginCache.GetExtensionPaths: Added unfilterableExtensionPaths: 
TpTrace Verbose: 0 : 16160, 1, 2024/03/13, 12:13:18.135, 9623142684939, vstest.console.dll, TestPluginCache.DiscoverTestExtensions: Discovering the extensions using allExtensionPaths: C:\Program Files\dotnet\sdk\8.0.101\Extensions\Microsoft.Diagnostics.NETCore.Client.dll
C:\Program Files\dotnet\sdk\8.0.101\Extensions\Microsoft.TestPlatform.Extensions.BlameDataCollector.dll
C:\Program Files\dotnet\sdk\8.0.101\Extensions\Microsoft.TestPlatform.Extensions.EventLogCollector.dll
C:\Program Files\dotnet\sdk\8.0.101\Extensions\Microsoft.TestPlatform.TestHostRuntimeProvider.dll
C:\Program Files\dotnet\sdk\8.0.101\Extensions\Microsoft.VisualStudio.TestPlatform.Extensions.Html.TestLogger.dll
C:\Program Files\dotnet\sdk\8.0.101\Extensions\Microsoft.VisualStudio.TestPlatform.Extensions.Trx.TestLogger.dll
TpTrace Information: 0 : 16160, 1, 2024/03/13, 12:13:18.135, 9623142685804, vstest.console.dll, AssemblyResolver.AddSearchDirectories: Adding more searchDirectories C:\Program Files\dotnet\sdk\8.0.101\Extensions,C:\Program Files\dotnet\sdk\8.0.101
TpTrace Information: 0 : 16160, 1, 2024/03/13, 12:13:18.136, 9623142686548, vstest.console.dll, AssemblyResolver.AddSearchDirectories: Adding more searchDirectories C:\Program Files\dotnet\sdk\8.0.101\Extensions,C:\Program Files\dotnet\sdk\8.0.101
TpTrace Information: 0 : 16160, 1, 2024/03/13, 12:13:18.136, 9623142687125, vstest.console.dll, AssemblyResolver.AddSearchDirectories: Adding more searchDirectories C:\Program Files\dotnet\sdk\8.0.101\Extensions,C:\Program Files\dotnet\sdk\8.0.101
TpTrace Information: 0 : 16160, 1, 2024/03/13, 12:13:18.136, 9623142687672, vstest.console.dll, AssemblyResolver.AddSearchDirectories: Adding more searchDirectories C:\Program Files\dotnet\sdk\8.0.101\Extensions,C:\Program Files\dotnet\sdk\8.0.101
TpTrace Information: 0 : 16160, 1, 2024/03/13, 12:13:18.136, 9623142688229, vstest.console.dll, AssemblyResolver.AddSearchDirectories: Adding more searchDirectories C:\Program Files\dotnet\sdk\8.0.101\Extensions,C:\Program Files\dotnet\sdk\8.0.101
TpTrace Information: 0 : 16160, 1, 2024/03/13, 12:13:18.136, 9623142688857, vstest.console.dll, AssemblyResolver.AddSearchDirectories: Adding more searchDirectories C:\Program Files\dotnet\sdk\8.0.101\Extensions,C:\Program Files\dotnet\sdk\8.0.101
TpTrace Verbose: 0 : 16160, 1, 2024/03/13, 12:13:18.136, 9623142690671, vstest.console.dll, MetadataReaderExtensionsHelper: Discovering extensions inside assembly 'Microsoft.Diagnostics.NETCore.Client, Version=0.2.8.21101, Culture=neutral, PublicKeyToken=31bf3856ad364e35' file path 'C:\Program Files\dotnet\sdk\8.0.101\Extensions\Microsoft.Diagnostics.NETCore.Client.dll'
TpTrace Information: 0 : 16160, 1, 2024/03/13, 12:13:18.137, 9623142705943, vstest.console.dll, AssemblyResolver.OnResolve: Microsoft.Bcl.AsyncInterfaces: Resolving assembly.
TpTrace Information: 0 : 16160, 1, 2024/03/13, 12:13:18.138, 9623142707380, vstest.console.dll, AssemblyResolver.OnResolve: Microsoft.Bcl.AsyncInterfaces: Resolved from cache.
TpTrace Verbose: 0 : 16160, 1, 2024/03/13, 12:13:18.138, 9623142707896, vstest.console.dll, CurrentDomainAssemblyResolve: Resolving assembly 'Microsoft.Bcl.AsyncInterfaces'.
TpTrace Information: 0 : 16160, 1, 2024/03/13, 12:13:18.138, 9623142708596, vstest.console.dll, AssemblyResolver.OnResolve: Microsoft.Bcl.AsyncInterfaces: Resolving assembly.
TpTrace Information: 0 : 16160, 1, 2024/03/13, 12:13:18.138, 9623142709414, vstest.console.dll, AssemblyResolver.OnResolve: Microsoft.Bcl.AsyncInterfaces: Resolved from cache.
TpTrace Verbose: 0 : 16160, 1, 2024/03/13, 12:13:18.138, 9623142710116, vstest.console.dll, CurrentDomainAssemblyResolve: Resolving assembly 'Microsoft.Bcl.AsyncInterfaces'.
TpTrace Verbose: 0 : 16160, 1, 2024/03/13, 12:13:18.138, 9623142710824, vstest.console.dll, CurrentDomainAssemblyResolve: Failed to resolve assembly 'Microsoft.Bcl.AsyncInterfaces'.
TpTrace Verbose: 0 : 16160, 1, 2024/03/13, 12:13:18.138, 9623142713726, vstest.console.dll, CurrentDomainAssemblyResolve: Failed to resolve assembly 'Microsoft.Bcl.AsyncInterfaces'.
TpTrace Warning: 0 : 16160, 1, 2024/03/13, 12:13:18.139, 9623142719180, vstest.console.dll, TestPluginDiscoverer: Failed to get types from assembly 'Microsoft.Diagnostics.NETCore.Client, Version=0.2.8.21101, Culture=neutral, PublicKeyToken=31bf3856ad364e35'. Error: System.Reflection.ReflectionTypeLoadException: Unable to load one or more of the requested types.
Could not load file or assembly 'Microsoft.Bcl.AsyncInterfaces, Version=1.0.0.0, Culture=neutral, PublicKeyToken=cc7b13ffcd2ddd51'. The system cannot find the file specified.
   at System.Reflection.RuntimeModule.GetTypes(RuntimeModule module)
   at System.Reflection.RuntimeModule.GetTypes()
   at Microsoft.VisualStudio.TestPlatform.Common.ExtensionFramework.TestPluginDiscoverer.GetTestExtensionsFromAssembly[TPluginInfo,TExtension](Assembly assembly, Dictionary`2 pluginInfos, String filePath) in /_/src/Microsoft.TestPlatform.Common/ExtensionFramework/TestPluginDiscoverer.cs:line 158
System.IO.FileNotFoundException: Could not load file or assembly 'Microsoft.Bcl.AsyncInterfaces, Version=1.0.0.0, Culture=neutral, PublicKeyToken=cc7b13ffcd2ddd51'. The system cannot find the file specified.
File name: 'Microsoft.Bcl.AsyncInterfaces, Version=1.0.0.0, Culture=neutral, PublicKeyToken=cc7b13ffcd2ddd51'
 ---> System.IO.FileNotFoundException: Could not load file or assembly 'Microsoft.Bcl.AsyncInterfaces, Culture=neutral, PublicKeyToken=null'. The system cannot find the file specified.
File name: 'Microsoft.Bcl.AsyncInterfaces, Culture=neutral, PublicKeyToken=null'
   at System.Reflection.RuntimeAssembly.InternalLoad(AssemblyName assemblyName, StackCrawlMark& stackMark, AssemblyLoadContext assemblyLoadContext, RuntimeAssembly requestingAssembly, Boolean throwOnFileNotFound)
   at System.Reflection.Assembly.Load(AssemblyName assemblyRef)
   at Microsoft.VisualStudio.TestPlatform.Common.ExtensionFramework.TestPluginCache.CurrentDomainAssemblyResolve(Object sender, AssemblyResolveEventArgs args) in /_/src/Microsoft.TestPlatform.Common/ExtensionFramework/TestPluginCache.cs:line 513
   at System.Runtime.Loader.AssemblyLoadContext.GetFirstResolvedAssemblyFromResolvingEvent(AssemblyName assemblyName)
   at System.Runtime.Loader.AssemblyLoadContext.ResolveUsingEvent(AssemblyName assemblyName)
   at System.Runtime.Loader.AssemblyLoadContext.ResolveUsingResolvingEvent(IntPtr gchManagedAssemblyLoadContext, AssemblyName assemblyName)
TpTrace Warning: 0 : 16160, 1, 2024/03/13, 12:13:18.139, 9623142721185, vstest.console.dll, LoaderExceptions: System.IO.FileNotFoundException: Could not load file or assembly 'Microsoft.Bcl.AsyncInterfaces, Version=1.0.0.0, Culture=neutral, PublicKeyToken=cc7b13ffcd2ddd51'. The system cannot find the file specified.
File name: 'Microsoft.Bcl.AsyncInterfaces, Version=1.0.0.0, Culture=neutral, PublicKeyToken=cc7b13ffcd2ddd51'
 ---> System.IO.FileNotFoundException: Could not load file or assembly 'Microsoft.Bcl.AsyncInterfaces, Culture=neutral, PublicKeyToken=null'. The system cannot find the file specified.
File name: 'Microsoft.Bcl.AsyncInterfaces, Culture=neutral, PublicKeyToken=null'
   at System.Reflection.RuntimeAssembly.InternalLoad(AssemblyName assemblyName, StackCrawlMark& stackMark, AssemblyLoadContext assemblyLoadContext, RuntimeAssembly requestingAssembly, Boolean throwOnFileNotFound)
   at System.Reflection.Assembly.Load(AssemblyName assemblyRef)
   at Microsoft.VisualStudio.TestPlatform.Common.ExtensionFramework.TestPluginCache.CurrentDomainAssemblyResolve(Object sender, AssemblyResolveEventArgs args) in /_/src/Microsoft.TestPlatform.Common/ExtensionFramework/TestPluginCache.cs:line 513
   at System.Runtime.Loader.AssemblyLoadContext.GetFirstResolvedAssemblyFromResolvingEvent(AssemblyName assemblyName)
   at System.Runtime.Loader.AssemblyLoadContext.ResolveUsingEvent(AssemblyName assemblyName)
   at System.Runtime.Loader.AssemblyLoadContext.ResolveUsingResolvingEvent(IntPtr gchManagedAssemblyLoadContext, AssemblyName assemblyName)
TpTrace Verbose: 0 : 16160, 1, 2024/03/13, 12:13:18.139, 9623142722302, vstest.console.dll, MetadataReaderExtensionsHelper: Discovering extensions inside assembly 'Microsoft.TestPlatform.Extensions.BlameDataCollector, Version=15.0.0.0, Culture=neutral, PublicKeyToken=b03f5f7f11d50a3a' file path 'C:\Program Files\dotnet\sdk\8.0.101\Extensions\Microsoft.TestPlatform.Extensions.BlameDataCollector.dll'
TpTrace Information: 0 : 16160, 1, 2024/03/13, 12:13:18.140, 9623142731401, vstest.console.dll, GetTestExtensionFromType: Register extension with identifier data 'logger://Microsoft/TestPlatform/Extensions/Blame/v1' and type 'Microsoft.TestPlatform.Extensions.BlameDataCollector.BlameLogger, Microsoft.TestPlatform.Extensions.BlameDataCollector, Version=15.0.0.0, Culture=neutral, PublicKeyToken=b03f5f7f11d50a3a' inside file 'C:\Program Files\dotnet\sdk\8.0.101\Extensions\Microsoft.TestPlatform.Extensions.BlameDataCollector.dll'
TpTrace Verbose: 0 : 16160, 1, 2024/03/13, 12:13:18.140, 9623142732520, vstest.console.dll, MetadataReaderExtensionsHelper: Discovering extensions inside assembly 'Microsoft.TestPlatform.Extensions.EventLogCollector, Version=15.0.0.0, Culture=neutral, PublicKeyToken=b03f5f7f11d50a3a' file path 'C:\Program Files\dotnet\sdk\8.0.101\Extensions\Microsoft.TestPlatform.Extensions.EventLogCollector.dll'
TpTrace Verbose: 0 : 16160, 1, 2024/03/13, 12:13:18.141, 9623142742580, vstest.console.dll, MetadataReaderExtensionsHelper: Discovering extensions inside assembly 'Microsoft.TestPlatform.TestHostRuntimeProvider, Version=15.0.0.0, Culture=neutral, PublicKeyToken=b03f5f7f11d50a3a' file path 'C:\Program Files\dotnet\sdk\8.0.101\Extensions\Microsoft.TestPlatform.TestHostRuntimeProvider.dll'
TpTrace Verbose: 0 : 16160, 1, 2024/03/13, 12:13:18.142, 9623142750196, vstest.console.dll, MetadataReaderExtensionsHelper: Discovering extensions inside assembly 'Microsoft.VisualStudio.TestPlatform.Extensions.Html.TestLogger, Version=15.0.0.0, Culture=neutral, PublicKeyToken=b03f5f7f11d50a3a' file path 'C:\Program Files\dotnet\sdk\8.0.101\Extensions\Microsoft.VisualStudio.TestPlatform.Extensions.Html.TestLogger.dll'
TpTrace Information: 0 : 16160, 1, 2024/03/13, 12:13:18.143, 9623142760465, vstest.console.dll, GetTestExtensionFromType: Register extension with identifier data 'logger://Microsoft/TestPlatform/HtmlLogger/v1' and type 'Microsoft.VisualStudio.TestPlatform.Extensions.HtmlLogger.HtmlLogger, Microsoft.VisualStudio.TestPlatform.Extensions.Html.TestLogger, Version=15.0.0.0, Culture=neutral, PublicKeyToken=b03f5f7f11d50a3a' inside file 'C:\Program Files\dotnet\sdk\8.0.101\Extensions\Microsoft.VisualStudio.TestPlatform.Extensions.Html.TestLogger.dll'
TpTrace Verbose: 0 : 16160, 1, 2024/03/13, 12:13:18.143, 9623142761693, vstest.console.dll, MetadataReaderExtensionsHelper: Discovering extensions inside assembly 'Microsoft.VisualStudio.TestPlatform.Extensions.Trx.TestLogger, Version=15.0.0.0, Culture=neutral, PublicKeyToken=b03f5f7f11d50a3a' file path 'C:\Program Files\dotnet\sdk\8.0.101\Extensions\Microsoft.VisualStudio.TestPlatform.Extensions.Trx.TestLogger.dll'
TpTrace Information: 0 : 16160, 1, 2024/03/13, 12:13:18.144, 9623142769412, vstest.console.dll, GetTestExtensionFromType: Register extension with identifier data 'logger://Microsoft/TestPlatform/TrxLogger/v1' and type 'Microsoft.VisualStudio.TestPlatform.Extensions.TrxLogger.TrxLogger, Microsoft.VisualStudio.TestPlatform.Extensions.Trx.TestLogger, Version=15.0.0.0, Culture=neutral, PublicKeyToken=b03f5f7f11d50a3a' inside file 'C:\Program Files\dotnet\sdk\8.0.101\Extensions\Microsoft.VisualStudio.TestPlatform.Extensions.Trx.TestLogger.dll'
TpTrace Verbose: 0 : 16160, 1, 2024/03/13, 12:13:18.144, 9623142771396, vstest.console.dll, TestPluginCache: Discovered the extensions using extension path ''.
TpTrace Verbose: 0 : 16160, 1, 2024/03/13, 12:13:18.144, 9623142771925, vstest.console.dll, TestPluginCache: Discoverers are ''.
TpTrace Verbose: 0 : 16160, 1, 2024/03/13, 12:13:18.144, 9623142772438, vstest.console.dll, TestPluginCache: Executors are ''.
TpTrace Verbose: 0 : 16160, 1, 2024/03/13, 12:13:18.144, 9623142773140, vstest.console.dll, TestPluginCache: Executors2 are ''.
TpTrace Verbose: 0 : 16160, 1, 2024/03/13, 12:13:18.144, 9623142773761, vstest.console.dll, TestPluginCache: Setting providers are ''.
TpTrace Verbose: 0 : 16160, 1, 2024/03/13, 12:13:18.145, 9623142778415, vstest.console.dll, TestPluginCache: Loggers are 'logger://Microsoft/TestPlatform/Extensions/Blame/v1,logger://Microsoft/TestPlatform/HtmlLogger/v1,logger://Microsoft/TestPlatform/TrxLogger/v1'.
TpTrace Verbose: 0 : 16160, 1, 2024/03/13, 12:13:18.145, 9623142779658, vstest.console.dll, TestPluginCache: TestHosts are 'HostProvider://DefaultTestHost,HostProvider://DotnetTestHost'.
TpTrace Verbose: 0 : 16160, 1, 2024/03/13, 12:13:18.145, 9623142780162, vstest.console.dll, TestPluginCache: DataCollectors are ''.
TpTrace Information: 0 : 16160, 1, 2024/03/13, 12:13:18.146, 9623142791768, vstest.console.dll, TestPluginManager.CreateTestExtension: Attempting to load test extension: Microsoft.TestPlatform.Extensions.BlameDataCollector.BlameLogger
TpTrace Verbose: 0 : 16160, 1, 2024/03/13, 12:13:18.167, 9623143004022, vstest.console.dll, TestEngine: Initializing Parallel Execution as MaxCpuCount is set to: 1
TpTrace Information: 0 : 16160, 1, 2024/03/13, 12:13:18.170, 9623143035436, vstest.console.dll, TestPluginManager.CreateTestExtension: Attempting to load test extension: Microsoft.VisualStudio.TestPlatform.CrossPlatEngine.Hosting.DefaultTestHostManager
TpTrace Information: 0 : 16160, 1, 2024/03/13, 12:13:18.172, 9623143051992, vstest.console.dll, TestPluginManager.CreateTestExtension: Attempting to load test extension: Microsoft.VisualStudio.TestPlatform.CrossPlatEngine.Hosting.DotnetTestHostManager
TpTrace Information: 0 : 16160, 1, 2024/03/13, 12:13:18.173, 9623143059448, vstest.console.dll, InferRunSettingsHelper.IsTestSettingsEnabled: Unable to navigate to RunSettings/MSTest. Current node: RunSettings
TpTrace Verbose: 0 : 16160, 1, 2024/03/13, 12:13:18.174, 9623143071858, vstest.console.dll, ParallelOperationManager.ClearSlots: Clearing all slots. Slots should accept more work: True
TpTrace Verbose: 0 : 16160, 1, 2024/03/13, 12:13:18.176, 9623143087033, vstest.console.dll, ParallelOperationManager.SetOccupiedSlotCount: Setting slot counts AvailableSlotCount = 1, OccupiedSlotCount = 0.
TpTrace Verbose: 0 : 16160, 1, 2024/03/13, 12:13:18.176, 9623143093803, vstest.console.dll, Occupied slots:

TpTrace Verbose: 0 : 16160, 1, 2024/03/13, 12:13:18.180, 9623143132848, vstest.console.dll, TestEngine.GetExecutionManager: Chosen execution manager 'Microsoft.VisualStudio.TestPlatform.CrossPlatEngine.Client.Parallel.ParallelProxyExecutionManager, Microsoft.TestPlatform.CrossPlatEngine, Version=15.0.0.0, Culture=neutral, PublicKeyToken=b03f5f7f11d50a3a' ParallelLevel '1'.
TpTrace Verbose: 0 : 16160, 1, 2024/03/13, 12:13:18.180, 9623143134511, vstest.console.dll, TestRunRequest.ExecuteAsync: Creating test run request.
TpTrace Verbose: 0 : 16160, 1, 2024/03/13, 12:13:18.181, 9623143137504, vstest.console.dll, TestRunRequest.ExecuteAsync: Starting.
TpTrace Information: 0 : 16160, 1, 2024/03/13, 12:13:18.182, 9623143153783, vstest.console.dll, TestRunRequest.ExecuteAsync: Starting run with settings:TestRunCriteria:
   KeepAlive=False,FrequencyOfRunStatsChangeEvent=10,RunStatsChangeEventTimeout=00:00:01.5000000,TestCaseFilter=,TestExecutorLauncher=
   Settingsxml=<RunSettings>
  <RunConfiguration>
    <ResultsDirectory>D:\Back-End Technologies Basics - януари 2024\Exam_25_02\03_Zad\ZooConsoleAPI\ZooConsoleAPI.IntegrationTests.NUnit\bin\Debug\net6.0\fine-code-coverage\coverage-tool-output</ResultsDirectory>
    <TargetPlatform>X64</TargetPlatform>
    <TargetFrameworkVersion>.NETCoreApp,Version=v6.0</TargetFrameworkVersion>
    <DesignMode>False</DesignMode>
    <CollectSourceInformation>False</CollectSourceInformation>
  </RunConfiguration>
  <LoggerRunSettings>
    <Loggers>
      <Logger friendlyName="blame" enabled="True" />
      <Logger friendlyName="Console" uri="logger://microsoft/TestPlatform/ConsoleLogger/v1" assemblyQualifiedName="Microsoft.VisualStudio.TestPlatform.CommandLine.Internal.ConsoleLogger, vstest.console, Version=15.0.0.0, Culture=neutral, PublicKeyToken=b03f5f7f11d50a3a" codeBase="C:\Program Files\dotnet\sdk\8.0.101\vstest.console.dll" enabled="True" />
    </Loggers>
  </LoggerRunSettings>
  <DataCollectionRunSettings>
    <DataCollectors>
      <DataCollector friendlyName="blame" enabled="True">
        <Configuration>
          <ResultsDirectory>D:\Back-End Technologies Basics - януари 2024\Exam_25_02\03_Zad\ZooConsoleAPI\ZooConsoleAPI.IntegrationTests.NUnit\bin\Debug\net6.0\fine-code-coverage\coverage-tool-output</ResultsDirectory>
        </Configuration>
      </DataCollector>
    </DataCollectors>
  </DataCollectionRunSettings>
</RunSettings>

TpTrace Verbose: 0 : 16160, 1, 2024/03/13, 12:13:18.182, 9623143155221, vstest.console.dll, TestRunRequest.ExecuteAsync: Wait for the first run request is over.
TpTrace Verbose: 0 : 16160, 1, 2024/03/13, 12:13:18.183, 9623143161149, vstest.console.dll, MulticastDelegateUtilities.SafeInvoke: TestRun.TestRunStart: Invoking callbacks was skipped because there are no subscribers.
TpTrace Verbose: 0 : 16160, 4, 2024/03/13, 12:13:18.183, 9623143164427, vstest.console.dll, MulticastDelegateUtilities.SafeInvoke: InternalTestLoggerEvents.SendTestRunStart: Invoking callback 1/1 for Microsoft.VisualStudio.TestPlatform.CommandLine.Internal.ConsoleLogger., took 0 ms.
TpTrace Verbose: 0 : 16160, 1, 2024/03/13, 12:13:18.184, 9623143175996, vstest.console.dll, ParallelProxyExecutionManager: Start execution. Total sources: 1
TpTrace Verbose: 0 : 16160, 1, 2024/03/13, 12:13:18.185, 9623143180009, vstest.console.dll, ParallelOperationManager.StartWork: Starting adding 1 workloads.
TpTrace Verbose: 0 : 16160, 1, 2024/03/13, 12:13:18.185, 9623143180766, vstest.console.dll, ParallelOperationManager.ClearSlots: Clearing all slots. Slots should accept more work: True
TpTrace Verbose: 0 : 16160, 1, 2024/03/13, 12:13:18.185, 9623143182369, vstest.console.dll, ParallelOperationManager.SetOccupiedSlotCount: Setting slot counts AvailableSlotCount = 1, OccupiedSlotCount = 0.
TpTrace Verbose: 0 : 16160, 1, 2024/03/13, 12:13:18.185, 9623143183267, vstest.console.dll, Occupied slots:

TpTrace Verbose: 0 : 16160, 1, 2024/03/13, 12:13:18.188, 9623143211553, vstest.console.dll, TestRequestSender is acting as server.
TpTrace Verbose: 0 : 16160, 1, 2024/03/13, 12:13:18.191, 9623143239235, vstest.console.dll, ParallelOperationManager.RunWorkInParallel: Adding 1 workload to slot, remaining workloads 0.
TpTrace Verbose: 0 : 16160, 1, 2024/03/13, 12:13:18.191, 9623143240541, vstest.console.dll, ParallelOperationManager.SetOccupiedSlotCount: Setting slot counts AvailableSlotCount = 0, OccupiedSlotCount = 1.
TpTrace Verbose: 0 : 16160, 1, 2024/03/13, 12:13:18.191, 9623143242761, vstest.console.dll, Occupied slots:
0: D:\Back-End Technologies Basics - януари 2024\Exam_25_02\03_Zad\ZooConsoleAPI\ZooConsoleAPI.IntegrationTests.NUnit\bin\Debug\net6.0\fine-code-coverage\build-output\ZooConsoleAPI.IntegrationTests.NUnit.dll
TpTrace Verbose: 0 : 16160, 1, 2024/03/13, 12:13:18.194, 9623143268908, vstest.console.dll, ParallelOperationManager.RunWorkInParallel: Started host in slot number 0 for work (source): D:\Back-End Technologies Basics - януари 2024\Exam_25_02\03_Zad\ZooConsoleAPI\ZooConsoleAPI.IntegrationTests.NUnit\bin\Debug\net6.0\fine-code-coverage\build-output\ZooConsoleAPI.IntegrationTests.NUnit.dll.
TpTrace Verbose: 0 : 16160, 1, 2024/03/13, 12:13:18.195, 9623143282461, vstest.console.dll, ParallelOperationManager.RunWorkInParallel: We started 1 work items, which is the max parallel level. Won't start more work.
TpTrace Verbose: 0 : 16160, 5, 2024/03/13, 12:13:18.195, 9623143283255, vstest.console.dll, ParallelProxyExecutionManager.StartTestRunOnConcurrentManager: Initializing uninitialized client. Started clients: 0
TpTrace Verbose: 0 : 16160, 1, 2024/03/13, 12:13:18.195, 9623143283596, vstest.console.dll, ParallelOperationManager.RunWorkInParallel: We started 1 work items in here, returning True.
TpTrace Verbose: 0 : 16160, 5, 2024/03/13, 12:13:18.195, 9623143285431, vstest.console.dll, DataCollectionRequestSender.InitializeCommunication : Initialize communication. 
TpTrace Information: 0 : 16160, 1, 2024/03/13, 12:13:18.195, 9623143285998, vstest.console.dll, TestRunRequest.ExecuteAsync: Started.
TpTrace Verbose: 0 : 16160, 1, 2024/03/13, 12:13:18.196, 9623143295841, vstest.console.dll, TestRunRequest.WaitForCompletion: Waiting with timeout -1.
TpTrace Information: 0 : 16160, 5, 2024/03/13, 12:13:18.208, 9623143415303, vstest.console.dll, Listening on Endpoint : 127.0.0.1:55622
TpTrace Verbose: 0 : 16160, 5, 2024/03/13, 12:13:18.217, 9623143496553, vstest.console.dll, DotnetDataCollectionLauncher: Adding  --runtimeconfig "C:\Program Files\dotnet\sdk\8.0.101\datacollector.runtimeconfig.json" in args
TpTrace Verbose: 0 : 16160, 5, 2024/03/13, 12:13:18.217, 9623143500337, vstest.console.dll, DotnetDataCollectionLauncher: Adding  --depsfile "C:\Program Files\dotnet\sdk\8.0.101\datacollector.deps.json" in args
TpTrace Verbose: 0 : 16160, 5, 2024/03/13, 12:13:18.217, 9623143505033, vstest.console.dll, DotnetDataCollectionLauncher: Full path of dotnet.exe is C:\Program Files\dotnet\dotnet.exe
TpTrace Information: 0 : 16160, 5, 2024/03/13, 12:13:18.226, 9623143590940, vstest.console.dll, ProxyDataCollectionManager.Initialize: Launched datacollector processId: 5652 port: 55622
TpTrace Information: 0 : 16160, 5, 2024/03/13, 12:13:18.226, 9623143592842, vstest.console.dll, ProxyDataCollectionManager.Initialize: waiting for connection with timeout: 90 seconds
TpTrace Verbose: 0 : 16160, 5, 2024/03/13, 12:13:18.226, 9623143593795, vstest.console.dll, DataCollectionRequestSender.WaitForRequestHandlerConnection : Waiting for connection with timeout: 90000
TpTrace Information: 0 : 16160, 7, 2024/03/13, 12:13:18.413, 9623145465625, vstest.console.dll, Using the buffer size of 16384 bytes
TpTrace Verbose: 0 : 16160, 5, 2024/03/13, 12:13:18.413, 9623145465898, vstest.console.dll, SocketCommunicationManager.WaitForClientConnection took: 187 ms, with 90000 ms timeout, and finished with True.
TpTrace Information: 0 : 16160, 7, 2024/03/13, 12:13:18.414, 9623145467123, vstest.console.dll, Accepted Client request and set the flag
TpTrace Verbose: 0 : 16160, 5, 2024/03/13, 12:13:18.414, 9623145469063, vstest.console.dll, ProxyDataCollectionManager.InvokeDataCollectionServiceAction: Starting.
TpTrace Information: 0 : 16160, 5, 2024/03/13, 12:13:18.414, 9623145471163, vstest.console.dll, ProxyDataCollectionManager.BeforeTestRunStart: Get environment variable and port for datacollector processId: 5652 port: 55622
TpTrace Verbose: 0 : 16160, 5, 2024/03/13, 12:13:18.414, 9623145473684, vstest.console.dll, DataCollectionRequestSender.SendBeforeTestRunStartAndGetResult: Send BeforeTestRunStart message with settingsXml <RunSettings><RunConfiguration><ResultsDirectory>D:\Back-End Technologies Basics - януари 2024\Exam_25_02\03_Zad\ZooConsoleAPI\ZooConsoleAPI.IntegrationTests.NUnit\bin\Debug\net6.0\fine-code-coverage\coverage-tool-output</ResultsDirectory><TargetPlatform>X64</TargetPlatform><TargetFrameworkVersion>.NETCoreApp,Version=v6.0</TargetFrameworkVersion><DesignMode>False</DesignMode><CollectSourceInformation>False</CollectSourceInformation><TestAdaptersPaths>C:\Program Files\dotnet\sdk\8.0.101\Extensions</TestAdaptersPaths></RunConfiguration><LoggerRunSettings><Loggers><Logger friendlyName="blame" enabled="True" /><Logger friendlyName="Console" uri="logger://microsoft/TestPlatform/ConsoleLogger/v1" assemblyQualifiedName="Microsoft.VisualStudio.TestPlatform.CommandLine.Internal.ConsoleLogger, vstest.console, Version=15.0.0.0, Culture=neutral, PublicKeyToken=b03f5f7f11d50a3a" codeBase="C:\Program Files\dotnet\sdk\8.0.101\vstest.console.dll" enabled="True" /></Loggers></LoggerRunSettings><DataCollectionRunSettings><DataCollectors><DataCollector friendlyName="blame" enabled="True"><Configuration><ResultsDirectory>D:\Back-End Technologies Basics - януари 2024\Exam_25_02\03_Zad\ZooConsoleAPI\ZooConsoleAPI.IntegrationTests.NUnit\bin\Debug\net6.0\fine-code-coverage\coverage-tool-output</ResultsDirectory></Configuration></DataCollector></DataCollectors></DataCollectionRunSettings></RunSettings> and sources System.Collections.Generic.List`1[System.String]: 
TpTrace Verbose: 0 : 16160, 5, 2024/03/13, 12:13:18.551, 9623146843999, vstest.console.dll, DataCollectionRequestSender.SendBeforeTestRunStartAndGetResult: Received message: (DataCollection.SendMessage) -> {"MessageType":"DataCollection.SendMessage","Payload":{"FriendlyName":null,"Uri":null,"TestCaseId":"00000000-0000-0000-0000-000000000000","Message":"Logging DataCollector Diagnostics in file: D:\\Back-End Technologies Basics - януари 2024\\Exam_25_02\\03_Zad\\ZooConsoleAPI\\ZooConsoleAPI.IntegrationTests.NUnit\\bin\\Debug\\net6.0\\fine-code-coverage\\coverage-tool-output\\diagnostics.datacollector.24-03-13_12-13-18_21637_5.log","Level":0}}
TpTrace Verbose: 0 : 16160, 5, 2024/03/13, 12:13:18.663, 9623147956763, vstest.console.dll, DataCollectionRequestSender.SendBeforeTestRunStartAndGetResult: Received message: (DataCollection.BeforeTestRunStartResult) -> {"MessageType":"DataCollection.BeforeTestRunStartResult","Payload":{"EnvironmentVariables":{},"DataCollectionEventsPort":55624}}
TpTrace Information: 0 : 16160, 5, 2024/03/13, 12:13:18.670, 9623148028567, vstest.console.dll, ProxyDataCollectionManager.BeforeTestRunStart: SendBeforeTestRunStartAndGetResult successful, env variable from datacollector:   and testhost port: 55624
TpTrace Information: 0 : 16160, 5, 2024/03/13, 12:13:18.670, 9623148029479, vstest.console.dll, ProxyDataCollectionManager.InvokeDataCollectionServiceAction: Completed.
TpTrace Verbose: 0 : 16160, 5, 2024/03/13, 12:13:18.670, 9623148029917, vstest.console.dll, ParallelProxyExecutionManager.StartTestRunOnConcurrentManager: Initializing test run. Started clients: 0
TpTrace Verbose: 0 : 16160, 5, 2024/03/13, 12:13:18.670, 9623148030694, vstest.console.dll, ProxyExecutionManager: Test host is always Lazy initialize.
TpTrace Verbose: 0 : 16160, 5, 2024/03/13, 12:13:18.670, 9623148032416, vstest.console.dll, TestRequestSender.InitializeCommunication: initialize communication. 
TpTrace Information: 0 : 16160, 5, 2024/03/13, 12:13:18.671, 9623148040859, vstest.console.dll, SocketServer.Start: Listening on endpoint : 127.0.0.1:55625
TpTrace Verbose: 0 : 16160, 5, 2024/03/13, 12:13:18.672, 9623148046889, vstest.console.dll, DotnetTestHostmanager.GetTestHostProcessStartInfo: Platform environment 'X64' target architecture 'X64' framework '.NETCoreApp,Version=v6.0' OS 'Windows'
TpTrace Verbose: 0 : 16160, 5, 2024/03/13, 12:13:18.672, 9623148052188, vstest.console.dll, DotnetTestHostmanager: Adding  --runtimeconfig "D:\Back-End Technologies Basics - януари 2024\Exam_25_02\03_Zad\ZooConsoleAPI\ZooConsoleAPI.IntegrationTests.NUnit\bin\Debug\net6.0\fine-code-coverage\build-output\ZooConsoleAPI.IntegrationTests.NUnit.runtimeconfig.json" in args
TpTrace Verbose: 0 : 16160, 5, 2024/03/13, 12:13:18.672, 9623148052929, vstest.console.dll, DotnetTestHostmanager: Adding  --depsfile "D:\Back-End Technologies Basics - януари 2024\Exam_25_02\03_Zad\ZooConsoleAPI\ZooConsoleAPI.IntegrationTests.NUnit\bin\Debug\net6.0\fine-code-coverage\build-output\ZooConsoleAPI.IntegrationTests.NUnit.deps.json" in args
TpTrace Verbose: 0 : 16160, 5, 2024/03/13, 12:13:18.681, 9623148138502, vstest.console.dll, DotnetTestHostmanager.IsWinOnArm: Current PROCESSOR_ARCHITECTURE from environment variable 'AMD64'
TpTrace Verbose: 0 : 16160, 5, 2024/03/13, 12:13:18.681, 9623148140238, vstest.console.dll, DotnetTestHostmanager.IsWinOnArm: Is Windows on ARM 'False'
TpTrace Verbose: 0 : 16160, 5, 2024/03/13, 12:13:18.681, 9623148141245, vstest.console.dll, DotnetTestHostManager: testhost.exe found at path: D:\Back-End Technologies Basics - януари 2024\Exam_25_02\03_Zad\ZooConsoleAPI\ZooConsoleAPI.IntegrationTests.NUnit\bin\Debug\net6.0\fine-code-coverage\build-output\testhost.exe
TpTrace Verbose: 0 : 16160, 5, 2024/03/13, 12:13:18.681, 9623148143353, vstest.console.dll, DotnetTestHostmanager: Full path of host exe is D:\Back-End Technologies Basics - януари 2024\Exam_25_02\03_Zad\ZooConsoleAPI\ZooConsoleAPI.IntegrationTests.NUnit\bin\Debug\net6.0\fine-code-coverage\build-output\testhost.exe
TpTrace Verbose: 0 : 16160, 5, 2024/03/13, 12:13:18.681, 9623148145305, vstest.console.dll, DotnetTestHostmanager.LaunchTestHostAsync: Found 'VSTEST_WINAPPHOST_DOTNET_ROOT' in env variables, value 'C:\Program Files\dotnet', forwarding to 'DOTNET_ROOT'
TpTrace Verbose: 0 : 16160, 5, 2024/03/13, 12:13:18.682, 9623148147973, vstest.console.dll, DotnetTestHostManager: Starting process 'D:\Back-End Technologies Basics - януари 2024\Exam_25_02\03_Zad\ZooConsoleAPI\ZooConsoleAPI.IntegrationTests.NUnit\bin\Debug\net6.0\fine-code-coverage\build-output\testhost.exe' with command line ' --runtimeconfig "D:\Back-End Technologies Basics - януари 2024\Exam_25_02\03_Zad\ZooConsoleAPI\ZooConsoleAPI.IntegrationTests.NUnit\bin\Debug\net6.0\fine-code-coverage\build-output\ZooConsoleAPI.IntegrationTests.NUnit.runtimeconfig.json" --depsfile "D:\Back-End Technologies Basics - януари 2024\Exam_25_02\03_Zad\ZooConsoleAPI\ZooConsoleAPI.IntegrationTests.NUnit\bin\Debug\net6.0\fine-code-coverage\build-output\ZooConsoleAPI.IntegrationTests.NUnit.deps.json" --port 55625 --endpoint 127.0.0.1:055625 --role client --parentprocessid 16160 --diag "D:\Back-End Technologies Basics - януари 2024\Exam_25_02\03_Zad\ZooConsoleAPI\ZooConsoleAPI.IntegrationTests.NUnit\bin\Debug\net6.0\fine-code-coverage\coverage-tool-output\diagnostics.host.24-03-13_12-13-18_67172_5.log" --tracelevel 4 --datacollectionport 55624 --telemetryoptedin false'
TpTrace Verbose: 0 : 16160, 5, 2024/03/13, 12:13:18.720, 9623148536433, vstest.console.dll, MulticastDelegateUtilities.SafeInvoke: HostProviderEvents.OnHostLaunched: Invoking callback 1/2 for Microsoft.VisualStudio.TestPlatform.CrossPlatEngine.Client.ProxyExecutionManagerWithDataCollection., took 1 ms.
TpTrace Verbose: 0 : 16160, 5, 2024/03/13, 12:13:18.721, 9623148539463, vstest.console.dll, Test Runtime launched
TpTrace Verbose: 0 : 16160, 5, 2024/03/13, 12:13:18.721, 9623148540275, vstest.console.dll, MulticastDelegateUtilities.SafeInvoke: HostProviderEvents.OnHostLaunched: Invoking callback 2/2 for Microsoft.VisualStudio.TestPlatform.CrossPlatEngine.Client.ProxyOperationManager., took 0 ms.
TpTrace Verbose: 0 : 16160, 5, 2024/03/13, 12:13:18.721, 9623148541586, vstest.console.dll, TestRequestSender.WaitForRequestHandlerConnection: waiting for connection with timeout: 90000.
TpTrace Verbose: 0 : 16160, 5, 2024/03/13, 12:13:19.032, 9623151647693, vstest.console.dll, TestRequestSender.WaitForRequestHandlerConnection: waiting took 310 ms, with timeout 90000 ms, and result 0, which is success.
TpTrace Verbose: 0 : 16160, 12, 2024/03/13, 12:13:19.032, 9623151647630, vstest.console.dll, MulticastDelegateUtilities.SafeInvoke: SocketServer: ClientConnected: Invoking callback 1/1 for Microsoft.VisualStudio.TestPlatform.CommunicationUtilities.TestRequestSender., took 0 ms.
TpTrace Verbose: 0 : 16160, 12, 2024/03/13, 12:13:19.032, 9623151650468, vstest.console.dll, SocketServer.OnClientConnected: Client connected for endPoint: 127.0.0.1:55625, starting MessageLoopAsync:
TpTrace Verbose: 0 : 16160, 13, 2024/03/13, 12:13:19.032, 9623151656090, vstest.console.dll, TcpClientExtensions.MessageLoopAsync: Polling on remoteEndPoint: 127.0.0.1:55626 localEndPoint: 127.0.0.1:55625
TpTrace Verbose: 0 : 16160, 5, 2024/03/13, 12:13:19.033, 9623151658397, vstest.console.dll, TestRequestSender.CheckVersionWithTestHost: Sending check version message: {"MessageType":"ProtocolVersion","Payload":7}
TpTrace Verbose: 0 : 16160, 13, 2024/03/13, 12:13:19.246, 9623153787935, vstest.console.dll, TcpClientExtensions.MessageLoopAsync: NotifyDataAvailable remoteEndPoint: 127.0.0.1:55626 localEndPoint: 127.0.0.1:55625
TpTrace Verbose: 0 : 16160, 13, 2024/03/13, 12:13:19.246, 9623153790231, vstest.console.dll, TestRequestSender.CheckVersionWithTestHost: onMessageReceived received message: (ProtocolVersion) -> {"MessageType":"ProtocolVersion","Payload":5}
TpTrace Verbose: 0 : 16160, 13, 2024/03/13, 12:13:19.247, 9623153802647, vstest.console.dll, MulticastDelegateUtilities.SafeInvoke: LengthPrefixCommunicationChannel: MessageReceived: Invoking callback 1/1 for Microsoft.VisualStudio.TestPlatform.CommunicationUtilities.TestRequestSender+<>c__DisplayClass29_0., took 1 ms.
TpTrace Verbose: 0 : 16160, 5, 2024/03/13, 12:13:19.247, 9623153804769, vstest.console.dll, TestPluginCache.GetExtensionPaths: Filtered extension paths: 
TpTrace Verbose: 0 : 16160, 13, 2024/03/13, 12:13:19.247, 9623153806345, vstest.console.dll, TcpClientExtensions.MessageLoopAsync: Polling on remoteEndPoint: 127.0.0.1:55626 localEndPoint: 127.0.0.1:55625
TpTrace Verbose: 0 : 16160, 5, 2024/03/13, 12:13:19.248, 9623153807614, vstest.console.dll, TestPluginCache.GetExtensionPaths: Added default extension paths: C:\Program Files\dotnet\sdk\8.0.101\Extensions\Microsoft.Diagnostics.NETCore.Client.dll
C:\Program Files\dotnet\sdk\8.0.101\Extensions\Microsoft.TestPlatform.Extensions.BlameDataCollector.dll
C:\Program Files\dotnet\sdk\8.0.101\Extensions\Microsoft.TestPlatform.Extensions.EventLogCollector.dll
C:\Program Files\dotnet\sdk\8.0.101\Extensions\Microsoft.TestPlatform.TestHostRuntimeProvider.dll
C:\Program Files\dotnet\sdk\8.0.101\Extensions\Microsoft.VisualStudio.TestPlatform.Extensions.Html.TestLogger.dll
C:\Program Files\dotnet\sdk\8.0.101\Extensions\Microsoft.VisualStudio.TestPlatform.Extensions.Trx.TestLogger.dll
TpTrace Verbose: 0 : 16160, 5, 2024/03/13, 12:13:19.248, 9623153808650, vstest.console.dll, TestPluginCache.GetExtensionPaths: Added unfilterableExtensionPaths: 
TpTrace Verbose: 0 : 16160, 5, 2024/03/13, 12:13:19.253, 9623153863892, vstest.console.dll, TestRequestSender.InitializeExecution: Sending initialize execution with message: {"Version":5,"MessageType":"TestExecution.Initialize","Payload":["D:\\Back-End Technologies Basics - януари 2024\\Exam_25_02\\03_Zad\\ZooConsoleAPI\\ZooConsoleAPI.IntegrationTests.NUnit\\bin\\Debug\\net6.0\\fine-code-coverage\\build-output\\NUnit3.TestAdapter.dll"]}
TpTrace Verbose: 0 : 16160, 5, 2024/03/13, 12:13:19.253, 9623153866726, vstest.console.dll, ParallelProxyExecutionManager.StartTestRunOnConcurrentManager: Execution starting. Started clients: 1
TpTrace Verbose: 0 : 16160, 5, 2024/03/13, 12:13:19.254, 9623153872437, vstest.console.dll, TestRunRequest:SendTestRunMessage: Starting.
TpTrace Verbose: 0 : 16160, 5, 2024/03/13, 12:13:19.254, 9623153875191, vstest.console.dll, MulticastDelegateUtilities.SafeInvoke: TestRun.LogMessages: Invoking callback 1/1 for Microsoft.VisualStudio.TestPlatform.CommandLine.TestRunResultAggregator., took 0 ms.
TpTrace Information: 0 : 16160, 5, 2024/03/13, 12:13:19.254, 9623153875950, vstest.console.dll, TestRunRequest:SendTestRunMessage: Completed.
TpTrace Verbose: 0 : 16160, 4, 2024/03/13, 12:13:19.254, 9623153877084, vstest.console.dll, MulticastDelegateUtilities.SafeInvoke: InternalTestLoggerEvents.SendTestRunMessage: Invoking callback 1/1 for Microsoft.VisualStudio.TestPlatform.CommandLine.Internal.ConsoleLogger., took 0 ms.
TpTrace Warning: 0 : 16160, 5, 2024/03/13, 12:13:19.255, 9623153882150, vstest.console.dll, InferRunSettingsHelper.MakeRunsettingsCompatible: Removing the following settings: TargetPlatform from RunSettings file. To use those settings please move to latest version of Microsoft.NET.Test.Sdk
TpTrace Verbose: 0 : 16160, 13, 2024/03/13, 12:13:19.259, 9623153924321, vstest.console.dll, TcpClientExtensions.MessageLoopAsync: NotifyDataAvailable remoteEndPoint: 127.0.0.1:55626 localEndPoint: 127.0.0.1:55625
TpTrace Verbose: 0 : 16160, 13, 2024/03/13, 12:13:19.260, 9623153928320, vstest.console.dll, TestRequestSender.OnExecutionMessageReceived: Received message: {"Version":5,"MessageType":"TestSession.Message","Payload":{"MessageLevel":0,"Message":"Logging TestHost Diagnostics in file: D:\\Back-End Technologies Basics - януари 2024\\Exam_25_02\\03_Zad\\ZooConsoleAPI\\ZooConsoleAPI.IntegrationTests.NUnit\\bin\\Debug\\net6.0\\fine-code-coverage\\coverage-tool-output\\diagnostics.host.24-03-13_12-13-18_67172_5.log"}}
TpTrace Verbose: 0 : 16160, 5, 2024/03/13, 12:13:19.261, 9623153946520, vstest.console.dll, TestRequestSender.StartTestRun: Sending test run with message: {"Version":5,"MessageType":"TestExecution.StartWithSources","Payload":{"AdapterSourceMap":{"_none_":["D:\\Back-End Technologies Basics - януари 2024\\Exam_25_02\\03_Zad\\ZooConsoleAPI\\ZooConsoleAPI.IntegrationTests.NUnit\\bin\\Debug\\net6.0\\fine-code-coverage\\build-output\\ZooConsoleAPI.IntegrationTests.NUnit.dll"]},"RunSettings":"<RunSettings>\r\n  <RunConfiguration>\r\n    <ResultsDirectory>D:\\Back-End Technologies Basics - януари 2024\\Exam_25_02\\03_Zad\\ZooConsoleAPI\\ZooConsoleAPI.IntegrationTests.NUnit\\bin\\Debug\\net6.0\\fine-code-coverage\\coverage-tool-output</ResultsDirectory>\r\n    <TargetFrameworkVersion>.NETCoreApp,Version=v6.0</TargetFrameworkVersion>\r\n    <DesignMode>False</DesignMode>\r\n    <CollectSourceInformation>False</CollectSourceInformation>\r\n  </RunConfiguration>\r\n  <LoggerRunSettings>\r\n    <Loggers>\r\n      <Logger friendlyName=\"blame\" enabled=\"True\" />\r\n      <Logger friendlyName=\"Console\" uri=\"logger://microsoft/TestPlatform/ConsoleLogger/v1\" assemblyQualifiedName=\"Microsoft.VisualStudio.TestPlatform.CommandLine.Internal.ConsoleLogger, vstest.console, Version=15.0.0.0, Culture=neutral, PublicKeyToken=b03f5f7f11d50a3a\" codeBase=\"C:\\Program Files\\dotnet\\sdk\\8.0.101\\vstest.console.dll\" enabled=\"True\" />\r\n    </Loggers>\r\n  </LoggerRunSettings>\r\n  <DataCollectionRunSettings>\r\n    <DataCollectors>\r\n      <DataCollector friendlyName=\"blame\" enabled=\"True\">\r\n        <Configuration>\r\n          <ResultsDirectory>D:\\Back-End Technologies Basics - януари 2024\\Exam_25_02\\03_Zad\\ZooConsoleAPI\\ZooConsoleAPI.IntegrationTests.NUnit\\bin\\Debug\\net6.0\\fine-code-coverage\\coverage-tool-output</ResultsDirectory>\r\n        </Configuration>\r\n      </DataCollector>\r\n    </DataCollectors>\r\n  </DataCollectionRunSettings>\r\n</RunSettings>","TestExecutionContext":{"FrequencyOfRunStatsChangeEvent":10,"RunStatsChangeEventTimeout":"00:00:01.5000000","InIsolation":false,"KeepAlive":false,"AreTestCaseLevelEventsRequired":false,"IsDebug":false,"TestCaseFilter":null,"FilterOptions":null},"Package":null}}
TpTrace Verbose: 0 : 16160, 5, 2024/03/13, 12:13:19.262, 9623153949031, vstest.console.dll, ParallelProxyExecutionManager.StartTestRunOnConcurrentManager: Execution started. Started clients: 1
TpTrace Verbose: 0 : 16160, 13, 2024/03/13, 12:13:19.262, 9623153954678, vstest.console.dll, TestRunRequest:SendTestRunMessage: Starting.
TpTrace Verbose: 0 : 16160, 13, 2024/03/13, 12:13:19.262, 9623153956918, vstest.console.dll, MulticastDelegateUtilities.SafeInvoke: TestRun.LogMessages: Invoking callback 1/1 for Microsoft.VisualStudio.TestPlatform.CommandLine.TestRunResultAggregator., took 0 ms.
TpTrace Verbose: 0 : 16160, 4, 2024/03/13, 12:13:19.262, 9623153957057, vstest.console.dll, MulticastDelegateUtilities.SafeInvoke: InternalTestLoggerEvents.SendTestRunMessage: Invoking callback 1/1 for Microsoft.VisualStudio.TestPlatform.CommandLine.Internal.ConsoleLogger., took 0 ms.
TpTrace Information: 0 : 16160, 13, 2024/03/13, 12:13:19.263, 9623153958435, vstest.console.dll, TestRunRequest:SendTestRunMessage: Completed.
TpTrace Verbose: 0 : 16160, 13, 2024/03/13, 12:13:19.263, 9623153960324, vstest.console.dll, MulticastDelegateUtilities.SafeInvoke: LengthPrefixCommunicationChannel: MessageReceived: Invoking callback 1/1 for Microsoft.VisualStudio.TestPlatform.CommunicationUtilities.TestRequestSender+<>c__DisplayClass34_0., took 3 ms.
TpTrace Verbose: 0 : 16160, 13, 2024/03/13, 12:13:19.263, 9623153960802, vstest.console.dll, TcpClientExtensions.MessageLoopAsync: Polling on remoteEndPoint: 127.0.0.1:55626 localEndPoint: 127.0.0.1:55625
TpTrace Verbose: 0 : 16160, 13, 2024/03/13, 12:13:19.560, 9623156934302, vstest.console.dll, TcpClientExtensions.MessageLoopAsync: NotifyDataAvailable remoteEndPoint: 127.0.0.1:55626 localEndPoint: 127.0.0.1:55625
TpTrace Verbose: 0 : 16160, 13, 2024/03/13, 12:13:19.560, 9623156936169, vstest.console.dll, TestRequestSender.OnExecutionMessageReceived: Received message: {"Version":5,"MessageType":"TestSession.Message","Payload":{"MessageLevel":0,"Message":"NUnit Adapter 4.2.0.0: Test execution started"}}
TpTrace Verbose: 0 : 16160, 13, 2024/03/13, 12:13:19.561, 9623156938064, vstest.console.dll, TestRunRequest:SendTestRunMessage: Starting.
TpTrace Verbose: 0 : 16160, 13, 2024/03/13, 12:13:19.561, 9623156939150, vstest.console.dll, MulticastDelegateUtilities.SafeInvoke: TestRun.LogMessages: Invoking callback 1/1 for Microsoft.VisualStudio.TestPlatform.CommandLine.TestRunResultAggregator., took 0 ms.
TpTrace Information: 0 : 16160, 13, 2024/03/13, 12:13:19.561, 9623156939807, vstest.console.dll, TestRunRequest:SendTestRunMessage: Completed.
TpTrace Verbose: 0 : 16160, 13, 2024/03/13, 12:13:19.561, 9623156940440, vstest.console.dll, MulticastDelegateUtilities.SafeInvoke: LengthPrefixCommunicationChannel: MessageReceived: Invoking callback 1/1 for Microsoft.VisualStudio.TestPlatform.CommunicationUtilities.TestRequestSender+<>c__DisplayClass34_0., took 0 ms.
TpTrace Verbose: 0 : 16160, 4, 2024/03/13, 12:13:19.561, 9623156939617, vstest.console.dll, MulticastDelegateUtilities.SafeInvoke: InternalTestLoggerEvents.SendTestRunMessage: Invoking callback 1/1 for Microsoft.VisualStudio.TestPlatform.CommandLine.Internal.ConsoleLogger., took 0 ms.
TpTrace Verbose: 0 : 16160, 13, 2024/03/13, 12:13:19.561, 9623156941264, vstest.console.dll, TcpClientExtensions.MessageLoopAsync: Polling on remoteEndPoint: 127.0.0.1:55626 localEndPoint: 127.0.0.1:55625
TpTrace Verbose: 0 : 16160, 13, 2024/03/13, 12:13:19.593, 9623157262796, vstest.console.dll, TcpClientExtensions.MessageLoopAsync: NotifyDataAvailable remoteEndPoint: 127.0.0.1:55626 localEndPoint: 127.0.0.1:55625
TpTrace Verbose: 0 : 16160, 13, 2024/03/13, 12:13:19.593, 9623157264792, vstest.console.dll, TestRequestSender.OnExecutionMessageReceived: Received message: {"Version":5,"MessageType":"TestSession.Message","Payload":{"MessageLevel":0,"Message":"Running all tests in D:\\Back-End Technologies Basics - януари 2024\\Exam_25_02\\03_Zad\\ZooConsoleAPI\\ZooConsoleAPI.IntegrationTests.NUnit\\bin\\Debug\\net6.0\\fine-code-coverage\\build-output\\ZooConsoleAPI.IntegrationTests.NUnit.dll"}}
TpTrace Verbose: 0 : 16160, 13, 2024/03/13, 12:13:19.593, 9623157266056, vstest.console.dll, TestRunRequest:SendTestRunMessage: Starting.
TpTrace Verbose: 0 : 16160, 13, 2024/03/13, 12:13:19.593, 9623157266934, vstest.console.dll, MulticastDelegateUtilities.SafeInvoke: TestRun.LogMessages: Invoking callback 1/1 for Microsoft.VisualStudio.TestPlatform.CommandLine.TestRunResultAggregator., took 0 ms.
TpTrace Verbose: 0 : 16160, 4, 2024/03/13, 12:13:19.593, 9623157267459, vstest.console.dll, MulticastDelegateUtilities.SafeInvoke: InternalTestLoggerEvents.SendTestRunMessage: Invoking callback 1/1 for Microsoft.VisualStudio.TestPlatform.CommandLine.Internal.ConsoleLogger., took 0 ms.
TpTrace Information: 0 : 16160, 13, 2024/03/13, 12:13:19.594, 9623157267741, vstest.console.dll, TestRunRequest:SendTestRunMessage: Completed.
TpTrace Verbose: 0 : 16160, 13, 2024/03/13, 12:13:19.594, 9623157270242, vstest.console.dll, MulticastDelegateUtilities.SafeInvoke: LengthPrefixCommunicationChannel: MessageReceived: Invoking callback 1/1 for Microsoft.VisualStudio.TestPlatform.CommunicationUtilities.TestRequestSender+<>c__DisplayClass34_0., took 0 ms.
TpTrace Verbose: 0 : 16160, 13, 2024/03/13, 12:13:19.594, 9623157270691, vstest.console.dll, TcpClientExtensions.MessageLoopAsync: Polling on remoteEndPoint: 127.0.0.1:55626 localEndPoint: 127.0.0.1:55625
TpTrace Verbose: 0 : 16160, 13, 2024/03/13, 12:13:19.968, 9623161009783, vstest.console.dll, TcpClientExtensions.MessageLoopAsync: NotifyDataAvailable remoteEndPoint: 127.0.0.1:55626 localEndPoint: 127.0.0.1:55625
TpTrace Verbose: 0 : 16160, 13, 2024/03/13, 12:13:19.968, 9623161012290, vstest.console.dll, TestRequestSender.OnExecutionMessageReceived: Received message: {"Version":5,"MessageType":"TestSession.Message","Payload":{"MessageLevel":0,"Message":"   NUnit3TestExecutor discovered 14 of 14 NUnit test cases using Current Discovery mode, Non-Explicit run"}}
TpTrace Verbose: 0 : 16160, 13, 2024/03/13, 12:13:19.968, 9623161014003, vstest.console.dll, TestRunRequest:SendTestRunMessage: Starting.
TpTrace Verbose: 0 : 16160, 13, 2024/03/13, 12:13:19.968, 9623161014784, vstest.console.dll, MulticastDelegateUtilities.SafeInvoke: TestRun.LogMessages: Invoking callback 1/1 for Microsoft.VisualStudio.TestPlatform.CommandLine.TestRunResultAggregator., took 0 ms.
TpTrace Information: 0 : 16160, 13, 2024/03/13, 12:13:19.968, 9623161015192, vstest.console.dll, TestRunRequest:SendTestRunMessage: Completed.
TpTrace Verbose: 0 : 16160, 4, 2024/03/13, 12:13:19.968, 9623161015136, vstest.console.dll, MulticastDelegateUtilities.SafeInvoke: InternalTestLoggerEvents.SendTestRunMessage: Invoking callback 1/1 for Microsoft.VisualStudio.TestPlatform.CommandLine.Internal.ConsoleLogger., took 0 ms.
TpTrace Verbose: 0 : 16160, 13, 2024/03/13, 12:13:19.968, 9623161015602, vstest.console.dll, MulticastDelegateUtilities.SafeInvoke: LengthPrefixCommunicationChannel: MessageReceived: Invoking callback 1/1 for Microsoft.VisualStudio.TestPlatform.CommunicationUtilities.TestRequestSender+<>c__DisplayClass34_0., took 0 ms.
TpTrace Verbose: 0 : 16160, 13, 2024/03/13, 12:13:19.968, 9623161017542, vstest.console.dll, TcpClientExtensions.MessageLoopAsync: Polling on remoteEndPoint: 127.0.0.1:55626 localEndPoint: 127.0.0.1:55625
TpTrace Verbose: 0 : 16160, 13, 2024/03/13, 12:13:20.911, 9623170443864, vstest.console.dll, TcpClientExtensions.MessageLoopAsync: NotifyDataAvailable remoteEndPoint: 127.0.0.1:55626 localEndPoint: 127.0.0.1:55625
TpTrace Verbose: 0 : 16160, 13, 2024/03/13, 12:13:20.911, 9623170445860, vstest.console.dll, TestRequestSender.OnExecutionMessageReceived: Received message: {"Version":5,"MessageType":"TestExecution.StatsChange","Payload":{"NewTestResults":[],"TestRunStatistics":{"ExecutedTests":0,"Stats":{}},"ActiveTests":[{"Id":"f1fb169a-5bc7-4842-c377-238db556c8d4","FullyQualifiedName":"ZooConsoleAPI.IntegrationTests.NUnit.IntegrationTests.AddAnimalAsync_ShouldAddNewAnimal","DisplayName":"AddAnimalAsync_ShouldAddNewAnimal","ExecutorUri":"executor://NUnit3TestExecutor","Source":"D:\\Back-End Technologies Basics - януари 2024\\Exam_25_02\\03_Zad\\ZooConsoleAPI\\ZooConsoleAPI.IntegrationTests.NUnit\\bin\\Debug\\net6.0\\fine-code-coverage\\build-output\\ZooConsoleAPI.IntegrationTests.NUnit.dll","CodeFilePath":null,"LineNumber":0,"Properties":[{"Key":{"Id":"NUnit.Seed","Label":"Seed","Category":"","Description":"","Attributes":0,"ValueType":"System.String"},"Value":"2056098074"}]}]}}
TpTrace Verbose: 0 : 16160, 13, 2024/03/13, 12:13:20.929, 9623170622512, vstest.console.dll, TestRunRequest:SendTestRunStatsChange: Starting.
TpTrace Verbose: 0 : 16160, 13, 2024/03/13, 12:13:20.929, 9623170623965, vstest.console.dll, InProgress is AddAnimalAsync_ShouldAddNewAnimal
TpTrace Verbose: 0 : 16160, 13, 2024/03/13, 12:13:20.929, 9623170624901, vstest.console.dll, MulticastDelegateUtilities.SafeInvoke: TestRun.RunStatsChanged: Invoking callbacks was skipped because there are no subscribers.
TpTrace Information: 0 : 16160, 13, 2024/03/13, 12:13:20.929, 9623170625285, vstest.console.dll, TestRunRequest:SendTestRunStatsChange: Completed.
TpTrace Verbose: 0 : 16160, 13, 2024/03/13, 12:13:20.929, 9623170625665, vstest.console.dll, MulticastDelegateUtilities.SafeInvoke: LengthPrefixCommunicationChannel: MessageReceived: Invoking callback 1/1 for Microsoft.VisualStudio.TestPlatform.CommunicationUtilities.TestRequestSender+<>c__DisplayClass34_0., took 17 ms.
TpTrace Verbose: 0 : 16160, 13, 2024/03/13, 12:13:20.929, 9623170626092, vstest.console.dll, TcpClientExtensions.MessageLoopAsync: Polling on remoteEndPoint: 127.0.0.1:55626 localEndPoint: 127.0.0.1:55625
TpTrace Verbose: 0 : 16160, 13, 2024/03/13, 12:13:21.171, 9623173039740, vstest.console.dll, TcpClientExtensions.MessageLoopAsync: NotifyDataAvailable remoteEndPoint: 127.0.0.1:55626 localEndPoint: 127.0.0.1:55625
TpTrace Verbose: 0 : 16160, 13, 2024/03/13, 12:13:21.171, 9623173041430, vstest.console.dll, TestRequestSender.OnExecutionMessageReceived: Received message: {"Version":5,"MessageType":"TestSession.Message","Payload":{"MessageLevel":1,"Message":"Validation Error: The field CatalogNumber must match the regular expression '^([0-9A-Z]{12})$'.\r\nValidation Error: The field Gender must be a string or array type with a maximum length of '10'.\r\n"}}
TpTrace Verbose: 0 : 16160, 13, 2024/03/13, 12:13:21.171, 9623173042808, vstest.console.dll, TestRunRequest:SendTestRunMessage: Starting.
TpTrace Verbose: 0 : 16160, 13, 2024/03/13, 12:13:21.171, 9623173043686, vstest.console.dll, MulticastDelegateUtilities.SafeInvoke: TestRun.LogMessages: Invoking callback 1/1 for Microsoft.VisualStudio.TestPlatform.CommandLine.TestRunResultAggregator., took 0 ms.
TpTrace Information: 0 : 16160, 13, 2024/03/13, 12:13:21.171, 9623173044225, vstest.console.dll, TestRunRequest:SendTestRunMessage: Completed.
TpTrace Verbose: 0 : 16160, 13, 2024/03/13, 12:13:21.171, 9623173044618, vstest.console.dll, MulticastDelegateUtilities.SafeInvoke: LengthPrefixCommunicationChannel: MessageReceived: Invoking callback 1/1 for Microsoft.VisualStudio.TestPlatform.CommunicationUtilities.TestRequestSender+<>c__DisplayClass34_0., took 0 ms.
TpTrace Verbose: 0 : 16160, 13, 2024/03/13, 12:13:21.171, 9623173044987, vstest.console.dll, TcpClientExtensions.MessageLoopAsync: Polling on remoteEndPoint: 127.0.0.1:55626 localEndPoint: 127.0.0.1:55625
TpTrace Verbose: 0 : 16160, 4, 2024/03/13, 12:13:21.171, 9623173045911, vstest.console.dll, MulticastDelegateUtilities.SafeInvoke: InternalTestLoggerEvents.SendTestRunMessage: Invoking callback 1/1 for Microsoft.VisualStudio.TestPlatform.CommandLine.Internal.ConsoleLogger., took 0 ms.
TpTrace Verbose: 0 : 16160, 13, 2024/03/13, 12:13:21.225, 9623173588838, vstest.console.dll, TcpClientExtensions.MessageLoopAsync: NotifyDataAvailable remoteEndPoint: 127.0.0.1:55626 localEndPoint: 127.0.0.1:55625
TpTrace Verbose: 0 : 16160, 13, 2024/03/13, 12:13:21.226, 9623173592775, vstest.console.dll, TestRequestSender.OnExecutionMessageReceived: Received message: {"Version":5,"MessageType":"TestExecution.StatsChange","Payload":{"NewTestResults":[{"TestCase":{"Id":"f1fb169a-5bc7-4842-c377-238db556c8d4","FullyQualifiedName":"ZooConsoleAPI.IntegrationTests.NUnit.IntegrationTests.AddAnimalAsync_ShouldAddNewAnimal","DisplayName":"AddAnimalAsync_ShouldAddNewAnimal","ExecutorUri":"executor://NUnit3TestExecutor","Source":"D:\\Back-End Technologies Basics - януари 2024\\Exam_25_02\\03_Zad\\ZooConsoleAPI\\ZooConsoleAPI.IntegrationTests.NUnit\\bin\\Debug\\net6.0\\fine-code-coverage\\build-output\\ZooConsoleAPI.IntegrationTests.NUnit.dll","CodeFilePath":null,"LineNumber":0,"Properties":[{"Key":{"Id":"NUnit.Seed","Label":"Seed","Category":"","Description":"","Attributes":0,"ValueType":"System.String"},"Value":"2056098074"}]},"Attachments":[],"Outcome":1,"ErrorMessage":null,"ErrorStackTrace":null,"DisplayName":"AddAnimalAsync_ShouldAddNewAnimal","Messages":[],"ComputerName":"DESKTOP-0IPKJSK","Duration":"00:00:01.0670010","StartTime":"2024-03-13T10:13:20.0317418+00:00","EndTime":"2024-03-13T10:13:21.0985194+00:00","Properties":[{"Key":{"Id":"NUnit.Seed","Label":"Seed","Category":"","Description":"","Attributes":0,"ValueType":"System.String"},"Value":"2056098074"}]},{"TestCase":{"Id":"24512f40-e1a0-7da1-aca0-2ae5b4701ad5","FullyQualifiedName":"ZooConsoleAPI.IntegrationTests.NUnit.IntegrationTests.AddAnimalAsync_TryToAddAnimalWithInvalidCredentials_ShouldThrowException","DisplayName":"AddAnimalAsync_TryToAddAnimalWithInvalidCredentials_ShouldThrowException","ExecutorUri":"executor://NUnit3TestExecutor","Source":"D:\\Back-End Technologies Basics - януари 2024\\Exam_25_02\\03_Zad\\ZooConsoleAPI\\ZooConsoleAPI.IntegrationTests.NUnit\\bin\\Debug\\net6.0\\fine-code-coverage\\build-output\\ZooConsoleAPI.IntegrationTests.NUnit.dll","CodeFilePath":null,"LineNumber":0,"Properties":[{"Key":{"Id":"NUnit.Seed","Label":"Seed","Category":"","Description":"","Attributes":0,"ValueType":"System.String"},"Value":"160812166"}]},"Attachments":[],"Outcome":1,"ErrorMessage":null,"ErrorStackTrace":null,"DisplayName":"AddAnimalAsync_TryToAddAnimalWithInvalidCredentials_ShouldThrowException","Messages":[{"Category":"StdOutMsgs","Text":"Validation Error: The field CatalogNumber must match the regular expression '^([0-9A-Z]{12})$'.\r\nValidation Error: The field Gender must be a string or array type with a maximum length of '10'.\r\n"}],"ComputerName":"DESKTOP-0IPKJSK","Duration":"00:00:00.0526020","StartTime":"2024-03-13T10:13:21.1007402+00:00","EndTime":"2024-03-13T10:13:21.1533359+00:00","Properties":[{"Key":{"Id":"NUnit.Seed","Label":"Seed","Category":"","Description":"","Attributes":0,"ValueType":"System.String"},"Value":"160812166"}]},{"TestCase":{"Id":"64b14b64-df8b-341e-8903-8d9cf1bedf76","FullyQualifiedName":"ZooConsoleAPI.IntegrationTests.NUnit.IntegrationTests.DeleteAnimalAsync_TryToDeleteWithNullOrWhiteSpaceCatalogNumber_ShouldThrowException(\"\")","DisplayName":"DeleteAnimalAsync_TryToDeleteWithNullOrWhiteSpaceCatalogNumber_ShouldThrowException(\"\")","ExecutorUri":"executor://NUnit3TestExecutor","Source":"D:\\Back-End Technologies Basics - януари 2024\\Exam_25_02\\03_Zad\\ZooConsoleAPI\\ZooConsoleAPI.IntegrationTests.NUnit\\bin\\Debug\\net6.0\\fine-code-coverage\\build-output\\ZooConsoleAPI.IntegrationTests.NUnit.dll","CodeFilePath":null,"LineNumber":0,"Properties":[{"Key":{"Id":"NUnit.Seed","Label":"Seed","Category":"","Description":"","Attributes":0,"ValueType":"System.String"},"Value":"598744814"}]},"Attachments":[],"Outcome":1,"ErrorMessage":null,"ErrorStackTrace":null,"DisplayName":"DeleteAnimalAsync_TryToDeleteWithNullOrWhiteSpaceCatalogNumber_ShouldThrowException(\"\")","Messages":[],"ComputerName":"DESKTOP-0IPKJSK","Duration":"00:00:00.0138980","StartTime":"2024-03-13T10:13:21.1534002+00:00","EndTime":"2024-03-13T10:13:21.1672962+00:00","Properties":[{"Key":{"Id":"NUnit.Seed","Label":"Seed","Category":"","Description":"","Attributes":0,"ValueType":"System.String"},"Value":"598744814"}]},{"TestCase":{"Id":"5da275db-52ba-0f93-619f-fdbc75f098e8","FullyQualifiedName":"ZooConsoleAPI.IntegrationTests.NUnit.IntegrationTests.DeleteAnimalAsync_TryToDeleteWithNullOrWhiteSpaceCatalogNumber_ShouldThrowException(\"  \")","DisplayName":"DeleteAnimalAsync_TryToDeleteWithNullOrWhiteSpaceCatalogNumber_ShouldThrowException(\"  \")","ExecutorUri":"executor://NUnit3TestExecutor","Source":"D:\\Back-End Technologies Basics - януари 2024\\Exam_25_02\\03_Zad\\ZooConsoleAPI\\ZooConsoleAPI.IntegrationTests.NUnit\\bin\\Debug\\net6.0\\fine-code-coverage\\build-output\\ZooConsoleAPI.IntegrationTests.NUnit.dll","CodeFilePath":null,"LineNumber":0,"Properties":[{"Key":{"Id":"NUnit.Seed","Label":"Seed","Category":"","Description":"","Attributes":0,"ValueType":"System.String"},"Value":"549323168"}]},"Attachments":[],"Outcome":1,"ErrorMessage":null,"ErrorStackTrace":null,"DisplayName":"DeleteAnimalAsync_TryToDeleteWithNullOrWhiteSpaceCatalogNumber_ShouldThrowException(\"  \")","Messages":[],"ComputerName":"DESKTOP-0IPKJSK","Duration":"00:00:00.0003320","StartTime":"2024-03-13T10:13:21.1673224+00:00","EndTime":"2024-03-13T10:13:21.1676545+00:00","Properties":[{"Key":{"Id":"NUnit.Seed","Label":"Seed","Category":"","Description":"","Attributes":0,"ValueType":"System.String"},"Value":"549323168"}]},{"TestCase":{"Id":"dd3c13d3-f9c1-6cbc-cb39-9b0980d67908","FullyQualifiedName":"ZooConsoleAPI.IntegrationTests.NUnit.IntegrationTests.DeleteAnimalAsync_TryToDeleteWithNullOrWhiteSpaceCatalogNumber_ShouldThrowException(null)","DisplayName":"DeleteAnimalAsync_TryToDeleteWithNullOrWhiteSpaceCatalogNumber_ShouldThrowException(null)","ExecutorUri":"executor://NUnit3TestExecutor","Source":"D:\\Back-End Technologies Basics - януари 2024\\Exam_25_02\\03_Zad\\ZooConsoleAPI\\ZooConsoleAPI.IntegrationTests.NUnit\\bin\\Debug\\net6.0\\fine-code-coverage\\build-output\\ZooConsoleAPI.IntegrationTests.NUnit.dll","CodeFilePath":null,"LineNumber":0,"Properties":[{"Key":{"Id":"NUnit.Seed","Label":"Seed","Category":"","Description":"","Attributes":0,"ValueType":"System.String"},"Value":"1144948860"}]},"Attachments":[],"Outcome":1,"ErrorMessage":null,"ErrorStackTrace":null,"DisplayName":"DeleteAnimalAsync_TryToDeleteWithNullOrWhiteSpaceCatalogNumber_ShouldThrowException(null)","Messages":[],"ComputerName":"DESKTOP-0IPKJSK","Duration":"00:00:00.0001789","StartTime":"2024-03-13T10:13:21.167667+00:00","EndTime":"2024-03-13T10:13:21.1678456+00:00","Properties":[{"Key":{"Id":"NUnit.Seed","Label":"Seed","Category":"","Description":"","Attributes":0,"ValueType":"System.String"},"Value":"1144948860"}]},{"TestCase":{"Id":"052678f8-7a7d-3da8-938d-037c52e5bef9","FullyQualifiedName":"ZooConsoleAPI.IntegrationTests.NUnit.IntegrationTests.DeleteAnimalAsync_WithValidCatalogNumber_ShouldRemoveAnimalFromDb","DisplayName":"DeleteAnimalAsync_WithValidCatalogNumber_ShouldRemoveAnimalFromDb","ExecutorUri":"executor://NUnit3TestExecutor","Source":"D:\\Back-End Technologies Basics - януари 2024\\Exam_25_02\\03_Zad\\ZooConsoleAPI\\ZooConsoleAPI.IntegrationTests.NUnit\\bin\\Debug\\net6.0\\fine-code-coverage\\build-output\\ZooConsoleAPI.IntegrationTests.NUnit.dll","CodeFilePath":null,"LineNumber":0,"Properties":[{"Key":{"Id":"NUnit.Seed","Label":"Seed","Category":"","Description":"","Attributes":0,"ValueType":"System.String"},"Value":"683652893"}]},"Attachments":[],"Outcome":1,"ErrorMessage":null,"ErrorStackTrace":null,"DisplayName":"DeleteAnimalAsync_WithValidCatalogNumber_ShouldRemoveAnimalFromDb","Messages":[],"ComputerName":"DESKTOP-0IPKJSK","Duration":"00:00:00.0256730","StartTime":"2024-03-13T10:13:21.1694225+00:00","EndTime":"2024-03-13T10:13:21.1950927+00:00","Properties":[{"Key":{"Id":"NUnit.Seed","Label":"Seed","Category":"","Description":"","Attributes":0,"ValueType":"System.String"},"Value":"683652893"}]},{"TestCase":{"Id":"91a133dd-bfd3-0b70-25ff-6c70ffbf8d70","FullyQualifiedName":"ZooConsoleAPI.IntegrationTests.NUnit.IntegrationTests.GetAllAsync_WhenAnimalsExist_ShouldReturnAllAnimals","DisplayName":"GetAllAsync_WhenAnimalsExist_ShouldReturnAllAnimals","ExecutorUri":"executor://NUnit3TestExecutor","Source":"D:\\Back-End Technologies Basics - януари 2024\\Exam_25_02\\03_Zad\\ZooConsoleAPI\\ZooConsoleAPI.IntegrationTests.NUnit\\bin\\Debug\\net6.0\\fine-code-coverage\\build-output\\ZooConsoleAPI.IntegrationTests.NUnit.dll","CodeFilePath":null,"LineNumber":0,"Properties":[{"Key":{"Id":"NUnit.Seed","Label":"Seed","Category":"","Description":"","Attributes":0,"ValueType":"System.String"},"Value":"1885363486"}]},"Attachments":[],"Outcome":1,"ErrorMessage":null,"ErrorStackTrace":null,"DisplayName":"GetAllAsync_WhenAnimalsExist_ShouldReturnAllAnimals","Messages":[],"ComputerName":"DESKTOP-0IPKJSK","Duration":"00:00:00.0140070","StartTime":"2024-03-13T10:13:21.1951171+00:00","EndTime":"2024-03-13T10:13:21.2091221+00:00","Properties":[{"Key":{"Id":"NUnit.Seed","Label":"Seed","Category":"","Description":"","Attributes":0,"ValueType":"System.String"},"Value":"1885363486"}]},{"TestCase":{"Id":"16f3b707-8a4e-3bb7-bb3b-702b813333fe","FullyQualifiedName":"ZooConsoleAPI.IntegrationTests.NUnit.IntegrationTests.GetAllAsync_WhenNoAnimalsExist_ShouldThrowKeyNotFoundException","DisplayName":"GetAllAsync_WhenNoAnimalsExist_ShouldThrowKeyNotFoundException","ExecutorUri":"executor://NUnit3TestExecutor","Source":"D:\\Back-End Technologies Basics - януари 2024\\Exam_25_02\\03_Zad\\ZooConsoleAPI\\ZooConsoleAPI.IntegrationTests.NUnit\\bin\\Debug\\net6.0\\fine-code-coverage\\build-output\\ZooConsoleAPI.IntegrationTests.NUnit.dll","CodeFilePath":null,"LineNumber":0,"Properties":[{"Key":{"Id":"NUnit.Seed","Label":"Seed","Category":"","Description":"","Attributes":0,"ValueType":"System.String"},"Value":"2048103363"}]},"Attachments":[],"Outcome":1,"ErrorMessage":null,"ErrorStackTrace":null,"DisplayName":"GetAllAsync_WhenNoAnimalsExist_ShouldThrowKeyNotFoundException","Messages":[],"ComputerName":"DESKTOP-0IPKJSK","Duration":"00:00:00.0011970","StartTime":"2024-03-13T10:13:21.2091833+00:00","EndTime":"2024-03-13T10:13:21.2103799+00:00","Properties":[{"Key":{"Id":"NUnit.Seed","Label":"Seed","Category":"","Description":"","Attributes":0,"ValueType":"System.String"},"Value":"2048103363"}]},{"TestCase":{"Id":"841b45e0-ae5c-f03b-d586-25d2b2c1d542","FullyQualifiedName":"ZooConsoleAPI.IntegrationTests.NUnit.IntegrationTests.GetSpecificAsync_WithInvalidCatalogNumber_ShouldThrowKeyNotFoundException","DisplayName":"GetSpecificAsync_WithInvalidCatalogNumber_ShouldThrowKeyNotFoundException","ExecutorUri":"executor://NUnit3TestExecutor","Source":"D:\\Back-End Technologies Basics - януари 2024\\Exam_25_02\\03_Zad\\ZooConsoleAPI\\ZooConsoleAPI.IntegrationTests.NUnit\\bin\\Debug\\net6.0\\fine-code-coverage\\build-output\\ZooConsoleAPI.IntegrationTests.NUnit.dll","CodeFilePath":null,"LineNumber":0,"Properties":[{"Key":{"Id":"NUnit.Seed","Label":"Seed","Category":"","Description":"","Attributes":0,"ValueType":"System.String"},"Value":"1306366105"}]},"Attachments":[],"Outcome":1,"ErrorMessage":null,"ErrorStackTrace":null,"DisplayName":"GetSpecificAsync_WithInvalidCatalogNumber_ShouldThrowKeyNotFoundException","Messages":[],"ComputerName":"DESKTOP-0IPKJSK","Duration":"00:00:00.0024050","StartTime":"2024-03-13T10:13:21.2103974+00:00","EndTime":"2024-03-13T10:13:21.212802+00:00","Properties":[{"Key":{"Id":"NUnit.Seed","Label":"Seed","Category":"","Description":"","Attributes":0,"ValueType":"System.String"},"Value":"1306366105"}]}],"TestRunStatistics":{"ExecutedTests":9,"Stats":{"Passed":9}},"ActiveTests":[{"Id":"4f2d5bd1-1b77-e245-151b-a11965c28bb2","FullyQualifiedName":"ZooConsoleAPI.IntegrationTests.NUnit.IntegrationTests.GetSpecificAsync_WithValidCatalogNumber_ShouldReturnAnimal","DisplayName":"GetSpecificAsync_WithValidCatalogNumber_ShouldReturnAnimal","ExecutorUri":"executor://NUnit3TestExecutor","Source":"D:\\Back-End Technologies Basics - януари 2024\\Exam_25_02\\03_Zad\\ZooConsoleAPI\\ZooConsoleAPI.IntegrationTests.NUnit\\bin\\Debug\\net6.0\\fine-code-coverage\\build-output\\ZooConsoleAPI.IntegrationTests.NUnit.dll","CodeFilePath":null,"LineNumber":0,"Properties":[{"Key":{"Id":"NUnit.Seed","Label":"Seed","Category":"","Description":"","Attributes":0,"ValueType":"System.String"},"Value":"1585999774"}]}]}}
TpTrace Verbose: 0 : 16160, 13, 2024/03/13, 12:13:21.237, 9623173704525, vstest.console.dll, TestRunRequest:SendTestRunStatsChange: Starting.
TpTrace Verbose: 0 : 16160, 13, 2024/03/13, 12:13:21.237, 9623173705340, vstest.console.dll, InProgress is GetSpecificAsync_WithValidCatalogNumber_ShouldReturnAnimal
TpTrace Verbose: 0 : 16160, 13, 2024/03/13, 12:13:21.237, 9623173708413, vstest.console.dll, MulticastDelegateUtilities.SafeInvoke: TestRun.RunStatsChanged: Invoking callbacks was skipped because there are no subscribers.
TpTrace Information: 0 : 16160, 13, 2024/03/13, 12:13:21.237, 9623173709284, vstest.console.dll, TestRunRequest:SendTestRunStatsChange: Completed.
TpTrace Verbose: 0 : 16160, 13, 2024/03/13, 12:13:21.238, 9623173709654, vstest.console.dll, MulticastDelegateUtilities.SafeInvoke: LengthPrefixCommunicationChannel: MessageReceived: Invoking callback 1/1 for Microsoft.VisualStudio.TestPlatform.CommunicationUtilities.TestRequestSender+<>c__DisplayClass34_0., took 11 ms.
TpTrace Verbose: 0 : 16160, 13, 2024/03/13, 12:13:21.238, 9623173710183, vstest.console.dll, TcpClientExtensions.MessageLoopAsync: Polling on remoteEndPoint: 127.0.0.1:55626 localEndPoint: 127.0.0.1:55625
TpTrace Verbose: 0 : 16160, 13, 2024/03/13, 12:13:21.238, 9623173710722, vstest.console.dll, TcpClientExtensions.MessageLoopAsync: NotifyDataAvailable remoteEndPoint: 127.0.0.1:55626 localEndPoint: 127.0.0.1:55625
TpTrace Verbose: 0 : 16160, 13, 2024/03/13, 12:13:21.238, 9623173711460, vstest.console.dll, TestRequestSender.OnExecutionMessageReceived: Received message: {"Version":5,"MessageType":"TestSession.Message","Payload":{"MessageLevel":1,"Message":"Validation Error: The CatalogNumber field is required.\r\nValidation Error: The Name field is required.\r\nValidation Error: The Breed field is required.\r\nValidation Error: The Type field is required.\r\nValidation Error: The Gender field is required.\r\n"}}
TpTrace Verbose: 0 : 16160, 13, 2024/03/13, 12:13:21.238, 9623173712473, vstest.console.dll, TestRunRequest:SendTestRunMessage: Starting.
TpTrace Verbose: 0 : 16160, 13, 2024/03/13, 12:13:21.238, 9623173713227, vstest.console.dll, MulticastDelegateUtilities.SafeInvoke: TestRun.LogMessages: Invoking callback 1/1 for Microsoft.VisualStudio.TestPlatform.CommandLine.TestRunResultAggregator., took 0 ms.
TpTrace Information: 0 : 16160, 13, 2024/03/13, 12:13:21.238, 9623173713910, vstest.console.dll, TestRunRequest:SendTestRunMessage: Completed.
TpTrace Verbose: 0 : 16160, 13, 2024/03/13, 12:13:21.238, 9623173714349, vstest.console.dll, MulticastDelegateUtilities.SafeInvoke: LengthPrefixCommunicationChannel: MessageReceived: Invoking callback 1/1 for Microsoft.VisualStudio.TestPlatform.CommunicationUtilities.TestRequestSender+<>c__DisplayClass34_0., took 0 ms.
TpTrace Verbose: 0 : 16160, 13, 2024/03/13, 12:13:21.238, 9623173714867, vstest.console.dll, TcpClientExtensions.MessageLoopAsync: Polling on remoteEndPoint: 127.0.0.1:55626 localEndPoint: 127.0.0.1:55625
TpTrace Verbose: 0 : 16160, 4, 2024/03/13, 12:13:21.240, 9623173730519, vstest.console.dll, MulticastDelegateUtilities.SafeInvoke: InternalTestLoggerEvents.SendTestResult: Invoking callback 1/1 for Microsoft.VisualStudio.TestPlatform.CommandLine.Internal.ConsoleLogger., took 2 ms.
TpTrace Verbose: 0 : 16160, 4, 2024/03/13, 12:13:21.241, 9623173740023, vstest.console.dll, MulticastDelegateUtilities.SafeInvoke: InternalTestLoggerEvents.SendTestResult: Invoking callback 1/1 for Microsoft.VisualStudio.TestPlatform.CommandLine.Internal.ConsoleLogger., took 0 ms.
TpTrace Verbose: 0 : 16160, 4, 2024/03/13, 12:13:21.241, 9623173741638, vstest.console.dll, MulticastDelegateUtilities.SafeInvoke: InternalTestLoggerEvents.SendTestResult: Invoking callback 1/1 for Microsoft.VisualStudio.TestPlatform.CommandLine.Internal.ConsoleLogger., took 0 ms.
TpTrace Verbose: 0 : 16160, 4, 2024/03/13, 12:13:21.241, 9623173742642, vstest.console.dll, MulticastDelegateUtilities.SafeInvoke: InternalTestLoggerEvents.SendTestResult: Invoking callback 1/1 for Microsoft.VisualStudio.TestPlatform.CommandLine.Internal.ConsoleLogger., took 0 ms.
TpTrace Verbose: 0 : 16160, 4, 2024/03/13, 12:13:21.241, 9623173743466, vstest.console.dll, MulticastDelegateUtilities.SafeInvoke: InternalTestLoggerEvents.SendTestResult: Invoking callback 1/1 for Microsoft.VisualStudio.TestPlatform.CommandLine.Internal.ConsoleLogger., took 0 ms.
TpTrace Verbose: 0 : 16160, 4, 2024/03/13, 12:13:21.241, 9623173744689, vstest.console.dll, MulticastDelegateUtilities.SafeInvoke: InternalTestLoggerEvents.SendTestResult: Invoking callback 1/1 for Microsoft.VisualStudio.TestPlatform.CommandLine.Internal.ConsoleLogger., took 0 ms.
TpTrace Verbose: 0 : 16160, 4, 2024/03/13, 12:13:21.241, 9623173746115, vstest.console.dll, MulticastDelegateUtilities.SafeInvoke: InternalTestLoggerEvents.SendTestResult: Invoking callback 1/1 for Microsoft.VisualStudio.TestPlatform.CommandLine.Internal.ConsoleLogger., took 0 ms.
TpTrace Verbose: 0 : 16160, 4, 2024/03/13, 12:13:21.241, 9623173746997, vstest.console.dll, MulticastDelegateUtilities.SafeInvoke: InternalTestLoggerEvents.SendTestResult: Invoking callback 1/1 for Microsoft.VisualStudio.TestPlatform.CommandLine.Internal.ConsoleLogger., took 0 ms.
TpTrace Verbose: 0 : 16160, 4, 2024/03/13, 12:13:21.241, 9623173748185, vstest.console.dll, MulticastDelegateUtilities.SafeInvoke: InternalTestLoggerEvents.SendTestResult: Invoking callback 1/1 for Microsoft.VisualStudio.TestPlatform.CommandLine.Internal.ConsoleLogger., took 0 ms.
TpTrace Verbose: 0 : 16160, 4, 2024/03/13, 12:13:21.242, 9623173749779, vstest.console.dll, MulticastDelegateUtilities.SafeInvoke: InternalTestLoggerEvents.SendTestRunMessage: Invoking callback 1/1 for Microsoft.VisualStudio.TestPlatform.CommandLine.Internal.ConsoleLogger., took 0 ms.
TpTrace Verbose: 0 : 16160, 13, 2024/03/13, 12:13:21.249, 9623173823038, vstest.console.dll, TcpClientExtensions.MessageLoopAsync: NotifyDataAvailable remoteEndPoint: 127.0.0.1:55626 localEndPoint: 127.0.0.1:55625
TpTrace Verbose: 0 : 16160, 13, 2024/03/13, 12:13:21.249, 9623173824314, vstest.console.dll, TestRequestSender.OnExecutionMessageReceived: Received message: {"Version":5,"MessageType":"TestSession.Message","Payload":{"MessageLevel":0,"Message":"NUnit Adapter 4.2.0.0: Test execution complete"}}
TpTrace Verbose: 0 : 16160, 13, 2024/03/13, 12:13:21.249, 9623173825423, vstest.console.dll, TestRunRequest:SendTestRunMessage: Starting.
TpTrace Verbose: 0 : 16160, 13, 2024/03/13, 12:13:21.249, 9623173826192, vstest.console.dll, MulticastDelegateUtilities.SafeInvoke: TestRun.LogMessages: Invoking callback 1/1 for Microsoft.VisualStudio.TestPlatform.CommandLine.TestRunResultAggregator., took 0 ms.
TpTrace Information: 0 : 16160, 13, 2024/03/13, 12:13:21.249, 9623173826701, vstest.console.dll, TestRunRequest:SendTestRunMessage: Completed.
TpTrace Verbose: 0 : 16160, 13, 2024/03/13, 12:13:21.249, 9623173827044, vstest.console.dll, MulticastDelegateUtilities.SafeInvoke: LengthPrefixCommunicationChannel: MessageReceived: Invoking callback 1/1 for Microsoft.VisualStudio.TestPlatform.CommunicationUtilities.TestRequestSender+<>c__DisplayClass34_0., took 0 ms.
TpTrace Verbose: 0 : 16160, 13, 2024/03/13, 12:13:21.249, 9623173827368, vstest.console.dll, TcpClientExtensions.MessageLoopAsync: Polling on remoteEndPoint: 127.0.0.1:55626 localEndPoint: 127.0.0.1:55625
TpTrace Verbose: 0 : 16160, 4, 2024/03/13, 12:13:21.249, 9623173826681, vstest.console.dll, MulticastDelegateUtilities.SafeInvoke: InternalTestLoggerEvents.SendTestRunMessage: Invoking callback 1/1 for Microsoft.VisualStudio.TestPlatform.CommandLine.Internal.ConsoleLogger., took 0 ms.
TpTrace Verbose: 0 : 16160, 13, 2024/03/13, 12:13:21.266, 9623173993283, vstest.console.dll, TcpClientExtensions.MessageLoopAsync: NotifyDataAvailable remoteEndPoint: 127.0.0.1:55626 localEndPoint: 127.0.0.1:55625
TpTrace Verbose: 0 : 16160, 13, 2024/03/13, 12:13:21.266, 9623173996003, vstest.console.dll, TestRequestSender.OnExecutionMessageReceived: Received message: {"Version":5,"MessageType":"TestExecution.Completed","Payload":{"TestRunCompleteArgs":{"TestRunStatistics":{"ExecutedTests":14,"Stats":{"Passed":14}},"IsCanceled":false,"IsAborted":false,"Error":null,"AttachmentSets":[],"ElapsedTimeInRunningTests":"00:00:01.7301667","Metrics":{}},"LastRunTests":{"NewTestResults":[{"TestCase":{"Id":"4f2d5bd1-1b77-e245-151b-a11965c28bb2","FullyQualifiedName":"ZooConsoleAPI.IntegrationTests.NUnit.IntegrationTests.GetSpecificAsync_WithValidCatalogNumber_ShouldReturnAnimal","DisplayName":"GetSpecificAsync_WithValidCatalogNumber_ShouldReturnAnimal","ExecutorUri":"executor://NUnit3TestExecutor","Source":"D:\\Back-End Technologies Basics - януари 2024\\Exam_25_02\\03_Zad\\ZooConsoleAPI\\ZooConsoleAPI.IntegrationTests.NUnit\\bin\\Debug\\net6.0\\fine-code-coverage\\build-output\\ZooConsoleAPI.IntegrationTests.NUnit.dll","CodeFilePath":null,"LineNumber":0,"Properties":[{"Key":{"Id":"NUnit.Seed","Label":"Seed","Category":"","Description":"","Attributes":0,"ValueType":"System.String"},"Value":"1585999774"}]},"Attachments":[],"Outcome":1,"ErrorMessage":null,"ErrorStackTrace":null,"DisplayName":"GetSpecificAsync_WithValidCatalogNumber_ShouldReturnAnimal","Messages":[],"ComputerName":"DESKTOP-0IPKJSK","Duration":"00:00:00.0019690","StartTime":"2024-03-13T10:13:21.2128198+00:00","EndTime":"2024-03-13T10:13:21.2147887+00:00","Properties":[{"Key":{"Id":"NUnit.Seed","Label":"Seed","Category":"","Description":"","Attributes":0,"ValueType":"System.String"},"Value":"1585999774"}]},{"TestCase":{"Id":"0934272a-241d-6a2c-6016-0072fbce56a3","FullyQualifiedName":"ZooConsoleAPI.IntegrationTests.NUnit.IntegrationTests.SearchByTypeAsync_WithExistingType_ShouldReturnMatchingAnimals","DisplayName":"SearchByTypeAsync_WithExistingType_ShouldReturnMatchingAnimals","ExecutorUri":"executor://NUnit3TestExecutor","Source":"D:\\Back-End Technologies Basics - януари 2024\\Exam_25_02\\03_Zad\\ZooConsoleAPI\\ZooConsoleAPI.IntegrationTests.NUnit\\bin\\Debug\\net6.0\\fine-code-coverage\\build-output\\ZooConsoleAPI.IntegrationTests.NUnit.dll","CodeFilePath":null,"LineNumber":0,"Properties":[{"Key":{"Id":"NUnit.Seed","Label":"Seed","Category":"","Description":"","Attributes":0,"ValueType":"System.String"},"Value":"1480266022"}]},"Attachments":[],"Outcome":1,"ErrorMessage":null,"ErrorStackTrace":null,"DisplayName":"SearchByTypeAsync_WithExistingType_ShouldReturnMatchingAnimals","Messages":[],"ComputerName":"DESKTOP-0IPKJSK","Duration":"00:00:00.0072680","StartTime":"2024-03-13T10:13:21.214807+00:00","EndTime":"2024-03-13T10:13:21.2220741+00:00","Properties":[{"Key":{"Id":"NUnit.Seed","Label":"Seed","Category":"","Description":"","Attributes":0,"ValueType":"System.String"},"Value":"1480266022"}]},{"TestCase":{"Id":"db4d7028-4c85-5d64-fc9f-d9621fe356fa","FullyQualifiedName":"ZooConsoleAPI.IntegrationTests.NUnit.IntegrationTests.SearchByTypeAsync_WithNonExistingType_ShouldThrowKeyNotFoundException","DisplayName":"SearchByTypeAsync_WithNonExistingType_ShouldThrowKeyNotFoundException","ExecutorUri":"executor://NUnit3TestExecutor","Source":"D:\\Back-End Technologies Basics - януари 2024\\Exam_25_02\\03_Zad\\ZooConsoleAPI\\ZooConsoleAPI.IntegrationTests.NUnit\\bin\\Debug\\net6.0\\fine-code-coverage\\build-output\\ZooConsoleAPI.IntegrationTests.NUnit.dll","CodeFilePath":null,"LineNumber":0,"Properties":[{"Key":{"Id":"NUnit.Seed","Label":"Seed","Category":"","Description":"","Attributes":0,"ValueType":"System.String"},"Value":"1765966497"}]},"Attachments":[],"Outcome":1,"ErrorMessage":null,"ErrorStackTrace":null,"DisplayName":"SearchByTypeAsync_WithNonExistingType_ShouldThrowKeyNotFoundException","Messages":[],"ComputerName":"DESKTOP-0IPKJSK","Duration":"00:00:00.0014490","StartTime":"2024-03-13T10:13:21.2220945+00:00","EndTime":"2024-03-13T10:13:21.2235428+00:00","Properties":[{"Key":{"Id":"NUnit.Seed","Label":"Seed","Category":"","Description":"","Attributes":0,"ValueType":"System.String"},"Value":"1765966497"}]},{"TestCase":{"Id":"771747a1-a63a-894b-67c5-7f29da72d7dd","FullyQualifiedName":"ZooConsoleAPI.IntegrationTests.NUnit.IntegrationTests.UpdateAsync_WithInvalidAnimal_ShouldThrowValidationException","DisplayName":"UpdateAsync_WithInvalidAnimal_ShouldThrowValidationException","ExecutorUri":"executor://NUnit3TestExecutor","Source":"D:\\Back-End Technologies Basics - януари 2024\\Exam_25_02\\03_Zad\\ZooConsoleAPI\\ZooConsoleAPI.IntegrationTests.NUnit\\bin\\Debug\\net6.0\\fine-code-coverage\\build-output\\ZooConsoleAPI.IntegrationTests.NUnit.dll","CodeFilePath":null,"LineNumber":0,"Properties":[{"Key":{"Id":"NUnit.Seed","Label":"Seed","Category":"","Description":"","Attributes":0,"ValueType":"System.String"},"Value":"1004272197"}]},"Attachments":[],"Outcome":1,"ErrorMessage":null,"ErrorStackTrace":null,"DisplayName":"UpdateAsync_WithInvalidAnimal_ShouldThrowValidationException","Messages":[{"Category":"StdOutMsgs","Text":"Validation Error: The CatalogNumber field is required.\r\nValidation Error: The Name field is required.\r\nValidation Error: The Breed field is required.\r\nValidation Error: The Type field is required.\r\nValidation Error: The Gender field is required.\r\n"}],"ComputerName":"DESKTOP-0IPKJSK","Duration":"00:00:00.0011520","StartTime":"2024-03-13T10:13:21.2235622+00:00","EndTime":"2024-03-13T10:13:21.2247137+00:00","Properties":[{"Key":{"Id":"NUnit.Seed","Label":"Seed","Category":"","Description":"","Attributes":0,"ValueType":"System.String"},"Value":"1004272197"}]},{"TestCase":{"Id":"dc687cec-b359-6080-b5ec-437ddcd405da","FullyQualifiedName":"ZooConsoleAPI.IntegrationTests.NUnit.IntegrationTests.UpdateAsync_WithValidAnimal_ShouldUpdateAnimal","DisplayName":"UpdateAsync_WithValidAnimal_ShouldUpdateAnimal","ExecutorUri":"executor://NUnit3TestExecutor","Source":"D:\\Back-End Technologies Basics - януари 2024\\Exam_25_02\\03_Zad\\ZooConsoleAPI\\ZooConsoleAPI.IntegrationTests.NUnit\\bin\\Debug\\net6.0\\fine-code-coverage\\build-output\\ZooConsoleAPI.IntegrationTests.NUnit.dll","CodeFilePath":null,"LineNumber":0,"Properties":[{"Key":{"Id":"NUnit.Seed","Label":"Seed","Category":"","Description":"","Attributes":0,"ValueType":"System.String"},"Value":"867998650"}]},"Attachments":[],"Outcome":1,"ErrorMessage":null,"ErrorStackTrace":null,"DisplayName":"UpdateAsync_WithValidAnimal_ShouldUpdateAnimal","Messages":[],"ComputerName":"DESKTOP-0IPKJSK","Duration":"00:00:00.0109770","StartTime":"2024-03-13T10:13:21.2247279+00:00","EndTime":"2024-03-13T10:13:21.2357034+00:00","Properties":[{"Key":{"Id":"NUnit.Seed","Label":"Seed","Category":"","Description":"","Attributes":0,"ValueType":"System.String"},"Value":"867998650"}]}],"TestRunStatistics":{"ExecutedTests":14,"Stats":{"Passed":14}},"ActiveTests":[]},"RunAttachments":[],"ExecutorUris":["executor://nunit3testexecutor/"]}}
TpTrace Verbose: 0 : 16160, 13, 2024/03/13, 12:13:21.266, 9623173997439, vstest.console.dll, TestRequestSender.EndSession: Sending end session.
TpTrace Verbose: 0 : 16160, 13, 2024/03/13, 12:13:21.266, 9623173998788, vstest.console.dll, ProxyOperationManager.Close: waiting for test host to exit for 100 ms
TpTrace Verbose: 0 : 16160, 11, 2024/03/13, 12:13:21.350, 9623174838179, vstest.console.dll, TestHostManagerCallbacks.ctor: Experimental forwarding output is disabled.
TpTrace Warning: 0 : 16160, 11, 2024/03/13, 12:13:21.350, 9623174839403, vstest.console.dll, TestHostManagerCallbacks.ErrorReceivedCallback Test host standard error line: 
TpTrace Verbose: 0 : 16160, 11, 2024/03/13, 12:13:21.358, 9623174916797, vstest.console.dll, TestHostProvider.ExitCallBack: Host exited starting callback.
TpTrace Information: 0 : 16160, 11, 2024/03/13, 12:13:21.358, 9623174918562, vstest.console.dll, TestHostManagerCallbacks.ExitCallBack: Testhost processId: 7696 exited with exitcode: 0 error: ''
TpTrace Verbose: 0 : 16160, 11, 2024/03/13, 12:13:21.358, 9623174919541, vstest.console.dll, DotnetTestHostManager.OnHostExited: invoking OnHostExited callback
TpTrace Verbose: 0 : 16160, 11, 2024/03/13, 12:13:21.359, 9623174920073, vstest.console.dll, CrossPlatEngine.TestHostManagerHostExited: calling on client process exit callback.
TpTrace Information: 0 : 16160, 11, 2024/03/13, 12:13:21.359, 9623174920578, vstest.console.dll, TestRequestSender.OnClientProcessExit: Test host process exited. Standard error: 
TpTrace Information: 0 : 16160, 11, 2024/03/13, 12:13:21.359, 9623174920971, vstest.console.dll, SocketServer.Stop: Stop server endPoint: 127.0.0.1:55625
TpTrace Information: 0 : 16160, 11, 2024/03/13, 12:13:21.359, 9623174921586, vstest.console.dll, SocketServer.Stop: Cancellation requested. Stopping message loop.
TpTrace Information: 0 : 16160, 13, 2024/03/13, 12:13:21.359, 9623174921656, vstest.console.dll, SocketServer.Stop: Stop server endPoint: 127.0.0.1:55625
TpTrace Information: 0 : 16160, 13, 2024/03/13, 12:13:21.359, 9623174922373, vstest.console.dll, SocketServer.Stop: Cancellation requested. Stopping message loop.
TpTrace Verbose: 0 : 16160, 11, 2024/03/13, 12:13:21.359, 9623174922499, vstest.console.dll, MulticastDelegateUtilities.SafeInvoke: HostProviderEvents.OnHostExited: Invoking callback 1/1 for Microsoft.VisualStudio.TestPlatform.CrossPlatEngine.Client.ProxyOperationManager., took 0 ms.
TpTrace Information: 0 : 16160, 13, 2024/03/13, 12:13:21.359, 9623174922864, vstest.console.dll, Closing the connection
TpTrace Verbose: 0 : 16160, 13, 2024/03/13, 12:13:21.359, 9623174925536, vstest.console.dll, ProxyDataCollectionManager.InvokeDataCollectionServiceAction: Starting.
TpTrace Information: 0 : 16160, 13, 2024/03/13, 12:13:21.359, 9623174925979, vstest.console.dll, ProxyDataCollectionManager.AfterTestRunEnd: Get attachment set and invoked data collectors processId: 5652 port: 55622
TpTrace Verbose: 0 : 16160, 13, 2024/03/13, 12:13:21.359, 9623174926457, vstest.console.dll, DataCollectionRequestSender.SendAfterTestRunStartAndGetResult: Send AfterTestRunEnd message with isCancelled: False
TpTrace Verbose: 0 : 16160, 13, 2024/03/13, 12:13:21.365, 9623174981568, vstest.console.dll, DataCollectionRequestSender.SendAfterTestRunStartAndGetResult: Received message: (DataCollection.AfterTestRunEndResult) -> {"MessageType":"DataCollection.AfterTestRunEndResult","Payload":{"AttachmentSets":[],"InvokedDataCollectors":[{"Uri":"datacollector://Microsoft/TestPlatform/Extensions/Blame/v1","FriendlyName":"Blame","AssemblyQualifiedName":"Microsoft.TestPlatform.Extensions.BlameDataCollector.BlameCollector, Microsoft.TestPlatform.Extensions.BlameDataCollector, Version=15.0.0.0, Culture=neutral, PublicKeyToken=b03f5f7f11d50a3a","FilePath":"C:\\Program Files\\dotnet\\sdk\\8.0.101\\Extensions\\Microsoft.TestPlatform.Extensions.BlameDataCollector.dll","HasAttachmentProcessor":false}],"Metrics":{}}}
TpTrace Information: 0 : 16160, 13, 2024/03/13, 12:13:21.370, 9623175038943, vstest.console.dll, ProxyDataCollectionManager.InvokeDataCollectionServiceAction: Completed.
TpTrace Warning: 0 : 16160, 10, 2024/03/13, 12:13:21.381, 9623175144827, vstest.console.dll, DataCollectionLauncher.ErrorReceivedCallback datacollector standard error line: 
TpTrace Information: 0 : 16160, 10, 2024/03/13, 12:13:21.389, 9623175225820, vstest.console.dll, DataCollectionLauncher.ExitCallBack: Data collector exited with exitcode: 0 error: ''
TpTrace Verbose: 0 : 16160, 13, 2024/03/13, 12:13:21.414, 9623175477985, vstest.console.dll, TestRunRequest:SendTestRunStatsChange: Starting.
TpTrace Verbose: 0 : 16160, 13, 2024/03/13, 12:13:21.414, 9623175479241, vstest.console.dll, MulticastDelegateUtilities.SafeInvoke: TestRun.RunStatsChanged: Invoking callbacks was skipped because there are no subscribers.
TpTrace Information: 0 : 16160, 13, 2024/03/13, 12:13:21.415, 9623175479757, vstest.console.dll, TestRunRequest:SendTestRunStatsChange: Completed.
TpTrace Verbose: 0 : 16160, 4, 2024/03/13, 12:13:21.415, 9623175480016, vstest.console.dll, MulticastDelegateUtilities.SafeInvoke: InternalTestLoggerEvents.SendTestResult: Invoking callback 1/1 for Microsoft.VisualStudio.TestPlatform.CommandLine.Internal.ConsoleLogger., took 0 ms.
TpTrace Verbose: 0 : 16160, 4, 2024/03/13, 12:13:21.415, 9623175480723, vstest.console.dll, MulticastDelegateUtilities.SafeInvoke: InternalTestLoggerEvents.SendTestResult: Invoking callback 1/1 for Microsoft.VisualStudio.TestPlatform.CommandLine.Internal.ConsoleLogger., took 0 ms.
TpTrace Verbose: 0 : 16160, 4, 2024/03/13, 12:13:21.415, 9623175481283, vstest.console.dll, MulticastDelegateUtilities.SafeInvoke: InternalTestLoggerEvents.SendTestResult: Invoking callback 1/1 for Microsoft.VisualStudio.TestPlatform.CommandLine.Internal.ConsoleLogger., took 0 ms.
TpTrace Verbose: 0 : 16160, 13, 2024/03/13, 12:13:21.415, 9623175482375, vstest.console.dll, ParallelProxyExecutionManager: HandlePartialRunComplete: Total workloads = 1, Total started clients = 1 Total completed clients = 1, Run complete = True, Run canceled: False.
TpTrace Verbose: 0 : 16160, 13, 2024/03/13, 12:13:21.415, 9623175482781, vstest.console.dll, ParallelProxyExecutionManager: HandlePartialRunComplete: All runs completed stopping all managers.
TpTrace Verbose: 0 : 16160, 13, 2024/03/13, 12:13:21.415, 9623175483142, vstest.console.dll, ParallelOperationManager.StopAllManagers: Stopping all managers.
TpTrace Verbose: 0 : 16160, 13, 2024/03/13, 12:13:21.415, 9623175483480, vstest.console.dll, ParallelOperationManager.ClearSlots: Clearing all slots. Slots should accept more work: False
TpTrace Verbose: 0 : 16160, 13, 2024/03/13, 12:13:21.415, 9623175483916, vstest.console.dll, ParallelOperationManager.SetOccupiedSlotCount: Setting slot counts AvailableSlotCount = 1, OccupiedSlotCount = 0.
TpTrace Verbose: 0 : 16160, 13, 2024/03/13, 12:13:21.415, 9623175484395, vstest.console.dll, Occupied slots:

TpTrace Verbose: 0 : 16160, 4, 2024/03/13, 12:13:21.416, 9623175491250, vstest.console.dll, MulticastDelegateUtilities.SafeInvoke: InternalTestLoggerEvents.SendTestResult: Invoking callback 1/1 for Microsoft.VisualStudio.TestPlatform.CommandLine.Internal.ConsoleLogger., took 0 ms.
TpTrace Verbose: 0 : 16160, 4, 2024/03/13, 12:13:21.416, 9623175492612, vstest.console.dll, MulticastDelegateUtilities.SafeInvoke: InternalTestLoggerEvents.SendTestResult: Invoking callback 1/1 for Microsoft.VisualStudio.TestPlatform.CommandLine.Internal.ConsoleLogger., took 0 ms.
TpTrace Verbose: 0 : 16160, 4, 2024/03/13, 12:13:21.423, 9623175569501, vstest.console.dll, MulticastDelegateUtilities.SafeInvoke: InternalTestLoggerEvents.SendTestRunComplete: Invoking callback 1/2 for Microsoft.TestPlatform.Extensions.BlameDataCollector.BlameLogger., took 0 ms.
TpTrace Verbose: 0 : 16160, 4, 2024/03/13, 12:13:21.428, 9623175619368, vstest.console.dll, MulticastDelegateUtilities.SafeInvoke: InternalTestLoggerEvents.SendTestRunComplete: Invoking callback 2/2 for Microsoft.VisualStudio.TestPlatform.CommandLine.Internal.ConsoleLogger., took 4 ms.
TpTrace Verbose: 0 : 16160, 13, 2024/03/13, 12:13:21.429, 9623175625652, vstest.console.dll, TestRunRequest:TestRunComplete: Starting. IsAborted:False IsCanceled:False.
TpTrace Verbose: 0 : 16160, 13, 2024/03/13, 12:13:21.429, 9623175628041, vstest.console.dll, ParallelOperationManager.DoActionOnAllManagers: Calling an action on all managers.
TpTrace Verbose: 0 : 16160, 13, 2024/03/13, 12:13:21.431, 9623175643057, vstest.console.dll, TestLoggerManager.HandleTestRunComplete: Ignoring as the object is disposed.
TpTrace Verbose: 0 : 16160, 13, 2024/03/13, 12:13:21.431, 9623175645669, vstest.console.dll, MulticastDelegateUtilities.SafeInvoke: TestRun.TestRunComplete: Invoking callback 1/2 for Microsoft.VisualStudio.TestPlatform.CommandLine.TestRunResultAggregator., took 0 ms.
TpTrace Verbose: 0 : 16160, 13, 2024/03/13, 12:13:21.431, 9623175646732, vstest.console.dll, MulticastDelegateUtilities.SafeInvoke: TestRun.TestRunComplete: Invoking callback 2/2 for Microsoft.VisualStudio.TestPlatform.CommandLine.Processors.RunTestsArgumentExecutor+TestRunRequestEventsRegistrar., took 0 ms.
TpTrace Information: 0 : 16160, 13, 2024/03/13, 12:13:21.431, 9623175647837, vstest.console.dll, TestRunRequest:TestRunComplete: Completed.
TpTrace Verbose: 0 : 16160, 1, 2024/03/13, 12:13:21.431, 9623175648087, vstest.console.dll, TestRunRequest.Dispose: Starting.
TpTrace Information: 0 : 16160, 1, 2024/03/13, 12:13:21.431, 9623175648964, vstest.console.dll, TestRunRequest.Dispose: Completed.
TpTrace Verbose: 0 : 16160, 13, 2024/03/13, 12:13:21.431, 9623175648423, vstest.console.dll, TestRequestSender.SetOperationComplete: Setting operation complete.
TpTrace Information: 0 : 16160, 13, 2024/03/13, 12:13:21.432, 9623175650259, vstest.console.dll, SocketServer.Stop: Stop server endPoint: 127.0.0.1:55625
TpTrace Information: 0 : 16160, 1, 2024/03/13, 12:13:21.432, 9623175649830, vstest.console.dll, TestRequestManager.RunTests: run tests completed.
TpTrace Information: 0 : 16160, 13, 2024/03/13, 12:13:21.432, 9623175651681, vstest.console.dll, SocketServer.Stop: Cancellation requested. Stopping message loop.
TpTrace Information: 0 : 16160, 1, 2024/03/13, 12:13:21.432, 9623175652227, vstest.console.dll, RunTestsArgumentProcessor:Execute: Test run is completed.
TpTrace Verbose: 0 : 16160, 13, 2024/03/13, 12:13:21.432, 9623175652429, vstest.console.dll, MulticastDelegateUtilities.SafeInvoke: LengthPrefixCommunicationChannel: MessageReceived: Invoking callback 1/1 for Microsoft.VisualStudio.TestPlatform.CommunicationUtilities.TestRequestSender+<>c__DisplayClass34_0., took 165 ms.
TpTrace Information: 0 : 16160, 13, 2024/03/13, 12:13:21.432, 9623175653205, vstest.console.dll, SocketServer.PrivateStop: Stopping server endPoint: 127.0.0.1:55625 error: 
TpTrace Verbose: 0 : 16160, 1, 2024/03/13, 12:13:21.432, 9623175654272, vstest.console.dll, Executor.Execute: Exiting with exit code of 0
TpTrace Verbose: 0 : 16160, 13, 2024/03/13, 12:13:21.432, 9623175658130, vstest.console.dll, LengthPrefixCommunicationChannel.Dispose: Dispose reader and writer.
TpTrace Information: 0 : 16160, 13, 2024/03/13, 12:13:21.432, 9623175659186, vstest.console.dll, SocketServer.Stop: Raise disconnected event endPoint: 127.0.0.1:55625 error: 
